{"meta": {"format": 3, "version": "7.10.1", "timestamp": "2025-09-14T13:38:35.155378", "branch_coverage": false, "show_contexts": false}, "files": {"src/analytics/__init__.py": {"executed_lines": [1, 18, 21, 30, 36, 37, 47, 52, 53, 55], "summary": {"covered_lines": 9, "num_statements": 9, "percent_covered": 100.0, "percent_covered_display": "100", "missing_lines": 0, "excluded_lines": 0}, "missing_lines": [], "excluded_lines": [], "functions": {"": {"executed_lines": [1, 18, 21, 30, 36, 37, 47, 52, 53, 55], "summary": {"covered_lines": 9, "num_statements": 9, "percent_covered": 100.0, "percent_covered_display": "100", "missing_lines": 0, "excluded_lines": 0}, "missing_lines": [], "excluded_lines": []}}, "classes": {"": {"executed_lines": [1, 18, 21, 30, 36, 37, 47, 52, 53, 55], "summary": {"covered_lines": 9, "num_statements": 9, "percent_covered": 100.0, "percent_covered_display": "100", "missing_lines": 0, "excluded_lines": 0}, "missing_lines": [], "excluded_lines": []}}}, "src/analytics/base_analytics_service.py": {"executed_lines": [1, 8, 9, 10, 11, 12, 14, 15, 16, 18, 21, 22, 33, 49, 52, 55, 56, 57, 58, 61, 62, 65, 76, 82, 83, 89, 90, 91, 101, 124, 125, 134, 135, 142, 143, 150, 153, 163, 164, 165, 166, 169, 171, 179, 181, 183, 184, 187, 195, 196, 198, 201, 205, 206, 207, 219, 227, 229, 230, 232, 233, 235, 238, 239, 240, 252, 262, 264, 266, 268, 269, 270, 271, 272, 273, 274, 276, 279, 297, 299, 301, 302, 303, 307, 310, 313, 314, 316, 318, 320, 323, 333, 339, 340, 348, 349, 358, 400, 402, 403, 404, 405], "summary": {"covered_lines": 96, "num_statements": 128, "percent_covered": 75.0, "percent_covered_display": "75", "missing_lines": 32, "excluded_lines": 16}, "missing_lines": [77, 92, 126, 127, 168, 202, 212, 214, 244, 246, 263, 265, 304, 365, 367, 369, 370, 371, 374, 375, 378, 382, 383, 384, 385, 388, 390, 391, 393, 395, 396, 397], "excluded_lines": [339, 340, 341, 342, 343, 344, 345, 346, 348, 349, 350, 351, 352, 353, 354, 355], "functions": {"BaseAnalyticsService.__init__": {"executed_lines": [49, 52, 55, 56, 57, 58, 61, 62], "summary": {"covered_lines": 8, "num_statements": 8, "percent_covered": 100.0, "percent_covered_display": "100", "missing_lines": 0, "excluded_lines": 0}, "missing_lines": [], "excluded_lines": []}, "BaseAnalyticsService.validate_time_range": {"executed_lines": [76, 82, 83, 89, 90, 91], "summary": {"covered_lines": 6, "num_statements": 8, "percent_covered": 75.0, "percent_covered_display": "75", "missing_lines": 2, "excluded_lines": 0}, "missing_lines": [77, 92], "excluded_lines": []}, "BaseAnalyticsService.validate_decimal_value": {"executed_lines": [124, 125, 134, 135, 142, 143, 150], "summary": {"covered_lines": 7, "num_statements": 9, "percent_covered": 77.77777777777777, "percent_covered_display": "78", "missing_lines": 2, "excluded_lines": 0}, "missing_lines": [126, 127], "excluded_lines": []}, "BaseAnalyticsService.get_from_cache": {"executed_lines": [163, 164, 165, 166, 169], "summary": {"covered_lines": 5, "num_statements": 6, "percent_covered": 83.33333333333333, "percent_covered_display": "83", "missing_lines": 1, "excluded_lines": 0}, "missing_lines": [168], "excluded_lines": []}, "BaseAnalyticsService.set_cache": {"executed_lines": [179], "summary": {"covered_lines": 1, "num_statements": 1, "percent_covered": 100.0, "percent_covered_display": "100", "missing_lines": 0, "excluded_lines": 0}, "missing_lines": [], "excluded_lines": []}, "BaseAnalyticsService.clear_cache": {"executed_lines": [183, 184], "summary": {"covered_lines": 2, "num_statements": 2, "percent_covered": 100.0, "percent_covered_display": "100", "missing_lines": 0, "excluded_lines": 0}, "missing_lines": [], "excluded_lines": []}, "BaseAnalyticsService.record_calculation_time": {"executed_lines": [195, 196, 198, 201, 205, 206, 207], "summary": {"covered_lines": 7, "num_statements": 10, "percent_covered": 70.0, "percent_covered_display": "70", "missing_lines": 3, "excluded_lines": 0}, "missing_lines": [202, 212, 214], "excluded_lines": []}, "BaseAnalyticsService.record_error": {"executed_lines": [227, 229, 230, 232, 233, 235, 238, 239, 240], "summary": {"covered_lines": 9, "num_statements": 11, "percent_covered": 81.81818181818181, "percent_covered_display": "82", "missing_lines": 2, "excluded_lines": 0}, "missing_lines": [244, 246], "excluded_lines": []}, "BaseAnalyticsService.convert_for_export": {"executed_lines": [262, 264, 266, 268, 269, 270, 271, 272, 273, 274, 276], "summary": {"covered_lines": 11, "num_statements": 13, "percent_covered": 84.61538461538461, "percent_covered_display": "85", "missing_lines": 2, "excluded_lines": 0}, "missing_lines": [263, 265], "excluded_lines": []}, "BaseAnalyticsService.execute_monitored": {"executed_lines": [297, 299, 301, 302, 303, 307, 310, 313, 314, 316, 318, 320, 323, 333], "summary": {"covered_lines": 14, "num_statements": 15, "percent_covered": 93.33333333333333, "percent_covered_display": "93", "missing_lines": 1, "excluded_lines": 0}, "missing_lines": [304], "excluded_lines": []}, "BaseAnalyticsService.calculate_metrics": {"executed_lines": [], "summary": {"covered_lines": 0, "num_statements": 0, "percent_covered": 100.0, "percent_covered_display": "100", "missing_lines": 0, "excluded_lines": 6}, "missing_lines": [], "excluded_lines": [341, 342, 343, 344, 345, 346]}, "BaseAnalyticsService.validate_data": {"executed_lines": [], "summary": {"covered_lines": 0, "num_statements": 0, "percent_covered": 100.0, "percent_covered_display": "100", "missing_lines": 0, "excluded_lines": 6}, "missing_lines": [], "excluded_lines": [350, 351, 352, 353, 354, 355]}, "BaseAnalyticsService._service_health_check": {"executed_lines": [], "summary": {"covered_lines": 0, "num_statements": 19, "percent_covered": 0.0, "percent_covered_display": "0", "missing_lines": 19, "excluded_lines": 0}, "missing_lines": [365, 367, 369, 370, 371, 374, 375, 378, 382, 383, 384, 385, 388, 390, 391, 393, 395, 396, 397], "excluded_lines": []}, "BaseAnalyticsService.cleanup": {"executed_lines": [402, 403, 404, 405], "summary": {"covered_lines": 4, "num_statements": 4, "percent_covered": 100.0, "percent_covered_display": "100", "missing_lines": 0, "excluded_lines": 0}, "missing_lines": [], "excluded_lines": []}, "": {"executed_lines": [1, 8, 9, 10, 11, 12, 14, 15, 16, 18, 21, 22, 33, 65, 101, 153, 171, 181, 187, 219, 252, 279, 339, 340, 348, 349, 358, 400], "summary": {"covered_lines": 22, "num_statements": 22, "percent_covered": 100.0, "percent_covered_display": "100", "missing_lines": 0, "excluded_lines": 4}, "missing_lines": [], "excluded_lines": [339, 340, 348, 349]}}, "classes": {"BaseAnalyticsService": {"executed_lines": [49, 52, 55, 56, 57, 58, 61, 62, 76, 82, 83, 89, 90, 91, 124, 125, 134, 135, 142, 143, 150, 163, 164, 165, 166, 169, 179, 183, 184, 195, 196, 198, 201, 205, 206, 207, 227, 229, 230, 232, 233, 235, 238, 239, 240, 262, 264, 266, 268, 269, 270, 271, 272, 273, 274, 276, 297, 299, 301, 302, 303, 307, 310, 313, 314, 316, 318, 320, 323, 333, 402, 403, 404, 405], "summary": {"covered_lines": 74, "num_statements": 106, "percent_covered": 69.81132075471699, "percent_covered_display": "70", "missing_lines": 32, "excluded_lines": 12}, "missing_lines": [77, 92, 126, 127, 168, 202, 212, 214, 244, 246, 263, 265, 304, 365, 367, 369, 370, 371, 374, 375, 378, 382, 383, 384, 385, 388, 390, 391, 393, 395, 396, 397], "excluded_lines": [341, 342, 343, 344, 345, 346, 350, 351, 352, 353, 354, 355]}, "": {"executed_lines": [1, 8, 9, 10, 11, 12, 14, 15, 16, 18, 21, 22, 33, 65, 101, 153, 171, 181, 187, 219, 252, 279, 339, 340, 348, 349, 358, 400], "summary": {"covered_lines": 22, "num_statements": 22, "percent_covered": 100.0, "percent_covered_display": "100", "missing_lines": 0, "excluded_lines": 4}, "missing_lines": [], "excluded_lines": [339, 340, 348, 349]}}}, "src/analytics/common.py": {"executed_lines": [1, 7, 8, 10, 11, 12, 15, 16, 18, 19, 53, 54, 114, 115, 117, 118, 124, 125, 127, 129, 130, 134, 136, 139, 140, 142, 143, 145, 147, 148, 150, 151, 152, 155, 156, 158, 159, 161, 168, 169, 171, 172, 174, 181, 182, 184, 185, 194, 195, 204, 205], "summary": {"covered_lines": 45, "num_statements": 78, "percent_covered": 57.69230769230769, "percent_covered_display": "58", "missing_lines": 33, "excluded_lines": 0}, "missing_lines": [27, 28, 29, 32, 46, 60, 62, 64, 67, 81, 84, 85, 86, 91, 93, 96, 97, 98, 107, 108, 109, 111, 120, 121, 122, 135, 163, 164, 165, 167, 187, 197, 207], "excluded_lines": [], "functions": {"AnalyticsErrorHandler.create_operation_error": {"executed_lines": [], "summary": {"covered_lines": 0, "num_statements": 5, "percent_covered": 0.0, "percent_covered_display": "0", "missing_lines": 5, "excluded_lines": 0}, "missing_lines": [27, 28, 29, 32, 46], "excluded_lines": []}, "AnalyticsErrorHandler.propagate_analytics_error": {"executed_lines": [], "summary": {"covered_lines": 0, "num_statements": 17, "percent_covered": 0.0, "percent_covered_display": "0", "missing_lines": 17, "excluded_lines": 0}, "missing_lines": [60, 62, 64, 67, 81, 84, 85, 86, 91, 93, 96, 97, 98, 107, 108, 109, 111], "excluded_lines": []}, "AnalyticsCalculations.calculate_percentage_change": {"executed_lines": [], "summary": {"covered_lines": 0, "num_statements": 3, "percent_covered": 0.0, "percent_covered_display": "0", "missing_lines": 3, "excluded_lines": 0}, "missing_lines": [120, 121, 122], "excluded_lines": []}, "AnalyticsCalculations.calculate_simple_var": {"executed_lines": [127], "summary": {"covered_lines": 1, "num_statements": 1, "percent_covered": 100.0, "percent_covered_display": "100", "missing_lines": 0, "excluded_lines": 0}, "missing_lines": [], "excluded_lines": []}, "AnalyticsCalculations.calculate_position_weight": {"executed_lines": [134, 136], "summary": {"covered_lines": 2, "num_statements": 3, "percent_covered": 66.66666666666667, "percent_covered_display": "67", "missing_lines": 1, "excluded_lines": 0}, "missing_lines": [135], "excluded_lines": []}, "ConfigurationDefaults.get_default_config": {"executed_lines": [145], "summary": {"covered_lines": 1, "num_statements": 1, "percent_covered": 100.0, "percent_covered_display": "100", "missing_lines": 0, "excluded_lines": 0}, "missing_lines": [], "excluded_lines": []}, "ConfigurationDefaults.merge_config": {"executed_lines": [150, 151, 152], "summary": {"covered_lines": 3, "num_statements": 3, "percent_covered": 100.0, "percent_covered_display": "100", "missing_lines": 0, "excluded_lines": 0}, "missing_lines": [], "excluded_lines": []}, "ServiceInitializationHelper.prepare_service_config": {"executed_lines": [161, 168, 169], "summary": {"covered_lines": 3, "num_statements": 7, "percent_covered": 42.857142857142854, "percent_covered_display": "43", "missing_lines": 4, "excluded_lines": 0}, "missing_lines": [163, 164, 165, 167], "excluded_lines": []}, "ServiceInitializationHelper.initialize_common_state": {"executed_lines": [174], "summary": {"covered_lines": 1, "num_statements": 1, "percent_covered": 100.0, "percent_covered_display": "100", "missing_lines": 0, "excluded_lines": 0}, "missing_lines": [], "excluded_lines": []}, "MetricsDefaults.empty_portfolio_metrics": {"executed_lines": [], "summary": {"covered_lines": 0, "num_statements": 1, "percent_covered": 0.0, "percent_covered_display": "0", "missing_lines": 1, "excluded_lines": 0}, "missing_lines": [187], "excluded_lines": []}, "MetricsDefaults.empty_risk_metrics": {"executed_lines": [], "summary": {"covered_lines": 0, "num_statements": 1, "percent_covered": 0.0, "percent_covered_display": "0", "missing_lines": 1, "excluded_lines": 0}, "missing_lines": [197], "excluded_lines": []}, "MetricsDefaults.empty_operational_metrics": {"executed_lines": [], "summary": {"covered_lines": 0, "num_statements": 1, "percent_covered": 0.0, "percent_covered_display": "0", "missing_lines": 1, "excluded_lines": 0}, "missing_lines": [207], "excluded_lines": []}, "": {"executed_lines": [1, 7, 8, 10, 11, 12, 15, 16, 18, 19, 53, 54, 114, 115, 117, 118, 124, 125, 129, 130, 139, 140, 142, 143, 147, 148, 155, 156, 158, 159, 171, 172, 181, 182, 184, 185, 194, 195, 204, 205], "summary": {"covered_lines": 34, "num_statements": 34, "percent_covered": 100.0, "percent_covered_display": "100", "missing_lines": 0, "excluded_lines": 0}, "missing_lines": [], "excluded_lines": []}}, "classes": {"AnalyticsErrorHandler": {"executed_lines": [], "summary": {"covered_lines": 0, "num_statements": 22, "percent_covered": 0.0, "percent_covered_display": "0", "missing_lines": 22, "excluded_lines": 0}, "missing_lines": [27, 28, 29, 32, 46, 60, 62, 64, 67, 81, 84, 85, 86, 91, 93, 96, 97, 98, 107, 108, 109, 111], "excluded_lines": []}, "AnalyticsCalculations": {"executed_lines": [127, 134, 136], "summary": {"covered_lines": 3, "num_statements": 7, "percent_covered": 42.857142857142854, "percent_covered_display": "43", "missing_lines": 4, "excluded_lines": 0}, "missing_lines": [120, 121, 122, 135], "excluded_lines": []}, "ConfigurationDefaults": {"executed_lines": [145, 150, 151, 152], "summary": {"covered_lines": 4, "num_statements": 4, "percent_covered": 100.0, "percent_covered_display": "100", "missing_lines": 0, "excluded_lines": 0}, "missing_lines": [], "excluded_lines": []}, "ServiceInitializationHelper": {"executed_lines": [161, 168, 169, 174], "summary": {"covered_lines": 4, "num_statements": 8, "percent_covered": 50.0, "percent_covered_display": "50", "missing_lines": 4, "excluded_lines": 0}, "missing_lines": [163, 164, 165, 167], "excluded_lines": []}, "MetricsDefaults": {"executed_lines": [], "summary": {"covered_lines": 0, "num_statements": 3, "percent_covered": 0.0, "percent_covered_display": "0", "missing_lines": 3, "excluded_lines": 0}, "missing_lines": [187, 197, 207], "excluded_lines": []}, "": {"executed_lines": [1, 7, 8, 10, 11, 12, 15, 16, 18, 19, 53, 54, 114, 115, 117, 118, 124, 125, 129, 130, 139, 140, 142, 143, 147, 148, 155, 156, 158, 159, 171, 172, 181, 182, 184, 185, 194, 195, 204, 205], "summary": {"covered_lines": 34, "num_statements": 34, "percent_covered": 100.0, "percent_covered_display": "100", "missing_lines": 0, "excluded_lines": 0}, "missing_lines": [], "excluded_lines": []}}}, "src/analytics/di_registration.py": {"executed_lines": [1, 3, 5, 6, 8, 22, 25, 34, 39, 42, 49, 59, 69, 79, 89, 99, 109, 119, 156, 157, 158, 159, 160, 161, 162, 165, 168, 171, 174, 177, 180, 183, 186, 193, 200, 201, 204, 210, 215, 226, 227, 232, 267, 270, 274, 277, 289, 290, 292, 294, 298, 300, 303, 305], "summary": {"covered_lines": 53, "num_statements": 120, "percent_covered": 44.166666666666664, "percent_covered_display": "44", "missing_lines": 67, "excluded_lines": 0}, "missing_lines": [9, 10, 19, 20, 35, 37, 50, 52, 57, 60, 62, 67, 70, 72, 77, 80, 82, 87, 90, 92, 97, 100, 102, 107, 110, 112, 117, 120, 122, 129, 130, 131, 133, 134, 135, 136, 138, 139, 140, 141, 143, 144, 145, 146, 148, 195, 197, 206, 208, 216, 219, 220, 221, 223, 224, 233, 236, 243, 244, 256, 257, 258, 259, 261, 262, 263, 265], "excluded_lines": [], "functions": {"register_analytics_services": {"executed_lines": [34, 39, 42, 49, 59, 69, 79, 89, 99, 109, 119, 156, 157, 158, 159, 160, 161, 162, 165, 168, 171, 174, 177, 180, 183, 186, 193, 200, 201, 204, 210, 215, 226, 227, 232, 267, 270, 274], "summary": {"covered_lines": 38, "num_statements": 38, "percent_covered": 100.0, "percent_covered_display": "100", "missing_lines": 0, "excluded_lines": 0}, "missing_lines": [], "excluded_lines": []}, "register_analytics_services.analytics_factory_factory": {"executed_lines": [], "summary": {"covered_lines": 0, "num_statements": 2, "percent_covered": 0.0, "percent_covered_display": "0", "missing_lines": 2, "excluded_lines": 0}, "missing_lines": [35, 37], "excluded_lines": []}, "register_analytics_services.portfolio_service_factory": {"executed_lines": [], "summary": {"covered_lines": 0, "num_statements": 3, "percent_covered": 0.0, "percent_covered_display": "0", "missing_lines": 3, "excluded_lines": 0}, "missing_lines": [50, 52, 57], "excluded_lines": []}, "register_analytics_services.risk_service_factory": {"executed_lines": [], "summary": {"covered_lines": 0, "num_statements": 3, "percent_covered": 0.0, "percent_covered_display": "0", "missing_lines": 3, "excluded_lines": 0}, "missing_lines": [60, 62, 67], "excluded_lines": []}, "register_analytics_services.reporting_service_factory": {"executed_lines": [], "summary": {"covered_lines": 0, "num_statements": 3, "percent_covered": 0.0, "percent_covered_display": "0", "missing_lines": 3, "excluded_lines": 0}, "missing_lines": [70, 72, 77], "excluded_lines": []}, "register_analytics_services.operational_service_factory": {"executed_lines": [], "summary": {"covered_lines": 0, "num_statements": 3, "percent_covered": 0.0, "percent_covered_display": "0", "missing_lines": 3, "excluded_lines": 0}, "missing_lines": [80, 82, 87], "excluded_lines": []}, "register_analytics_services.alert_service_factory": {"executed_lines": [], "summary": {"covered_lines": 0, "num_statements": 3, "percent_covered": 0.0, "percent_covered_display": "0", "missing_lines": 3, "excluded_lines": 0}, "missing_lines": [90, 92, 97], "excluded_lines": []}, "register_analytics_services.export_service_factory": {"executed_lines": [], "summary": {"covered_lines": 0, "num_statements": 3, "percent_covered": 0.0, "percent_covered_display": "0", "missing_lines": 3, "excluded_lines": 0}, "missing_lines": [100, 102, 107], "excluded_lines": []}, "register_analytics_services.realtime_analytics_service_factory": {"executed_lines": [], "summary": {"covered_lines": 0, "num_statements": 3, "percent_covered": 0.0, "percent_covered_display": "0", "missing_lines": 3, "excluded_lines": 0}, "missing_lines": [110, 112, 117], "excluded_lines": []}, "register_analytics_services.dashboard_service_factory": {"executed_lines": [], "summary": {"covered_lines": 0, "num_statements": 18, "percent_covered": 0.0, "percent_covered_display": "0", "missing_lines": 18, "excluded_lines": 0}, "missing_lines": [120, 122, 129, 130, 131, 133, 134, 135, 136, 138, 139, 140, 141, 143, 144, 145, 146, 148], "excluded_lines": []}, "register_analytics_services.metrics_collector_factory": {"executed_lines": [], "summary": {"covered_lines": 0, "num_statements": 2, "percent_covered": 0.0, "percent_covered_display": "0", "missing_lines": 2, "excluded_lines": 0}, "missing_lines": [195, 197], "excluded_lines": []}, "register_analytics_services.analytics_config_factory": {"executed_lines": [], "summary": {"covered_lines": 0, "num_statements": 2, "percent_covered": 0.0, "percent_covered_display": "0", "missing_lines": 2, "excluded_lines": 0}, "missing_lines": [206, 208], "excluded_lines": []}, "register_analytics_services.analytics_repository_factory": {"executed_lines": [], "summary": {"covered_lines": 0, "num_statements": 6, "percent_covered": 0.0, "percent_covered_display": "0", "missing_lines": 6, "excluded_lines": 0}, "missing_lines": [216, 219, 220, 221, 223, 224], "excluded_lines": []}, "register_analytics_services.analytics_service_factory": {"executed_lines": [], "summary": {"covered_lines": 0, "num_statements": 12, "percent_covered": 0.0, "percent_covered_display": "0", "missing_lines": 12, "excluded_lines": 0}, "missing_lines": [233, 236, 243, 244, 256, 257, 258, 259, 261, 262, 263, 265], "excluded_lines": []}, "configure_analytics_dependencies": {"executed_lines": [289, 290, 292, 294], "summary": {"covered_lines": 4, "num_statements": 4, "percent_covered": 100.0, "percent_covered_display": "100", "missing_lines": 0, "excluded_lines": 0}, "missing_lines": [], "excluded_lines": []}, "get_analytics_service": {"executed_lines": [300], "summary": {"covered_lines": 1, "num_statements": 1, "percent_covered": 100.0, "percent_covered_display": "100", "missing_lines": 0, "excluded_lines": 0}, "missing_lines": [], "excluded_lines": []}, "get_analytics_factory": {"executed_lines": [305], "summary": {"covered_lines": 1, "num_statements": 1, "percent_covered": 100.0, "percent_covered_display": "100", "missing_lines": 0, "excluded_lines": 0}, "missing_lines": [], "excluded_lines": []}, "": {"executed_lines": [1, 3, 5, 6, 8, 22, 25, 277, 298, 303], "summary": {"covered_lines": 9, "num_statements": 13, "percent_covered": 69.23076923076923, "percent_covered_display": "69", "missing_lines": 4, "excluded_lines": 0}, "missing_lines": [9, 10, 19, 20], "excluded_lines": []}}, "classes": {"": {"executed_lines": [1, 3, 5, 6, 8, 22, 25, 34, 39, 42, 49, 59, 69, 79, 89, 99, 109, 119, 156, 157, 158, 159, 160, 161, 162, 165, 168, 171, 174, 177, 180, 183, 186, 193, 200, 201, 204, 210, 215, 226, 227, 232, 267, 270, 274, 277, 289, 290, 292, 294, 298, 300, 303, 305], "summary": {"covered_lines": 53, "num_statements": 120, "percent_covered": 44.166666666666664, "percent_covered_display": "44", "missing_lines": 67, "excluded_lines": 0}, "missing_lines": [9, 10, 19, 20, 35, 37, 50, 52, 57, 60, 62, 67, 70, 72, 77, 80, 82, 87, 90, 92, 97, 100, 102, 107, 110, 112, 117, 120, 122, 129, 130, 131, 133, 134, 135, 136, 138, 139, 140, 141, 143, 144, 145, 146, 148, 195, 197, 206, 208, 216, 219, 220, 221, 223, 224, 233, 236, 243, 244, 256, 257, 258, 259, 261, 262, 263, 265], "excluded_lines": []}}}, "src/analytics/environment_integration.py": {"executed_lines": [], "summary": {"covered_lines": 0, "num_statements": 229, "percent_covered": 0.0, "percent_covered_display": "0", "missing_lines": 229, "excluded_lines": 0}, "missing_lines": [9, 10, 11, 12, 14, 15, 19, 21, 24, 27, 28, 29, 30, 33, 36, 37, 38, 39, 42, 45, 46, 48, 74, 75, 77, 104, 112, 113, 114, 115, 116, 117, 119, 121, 124, 125, 126, 128, 129, 131, 134, 148, 158, 160, 162, 164, 165, 166, 168, 169, 171, 173, 181, 182, 185, 187, 189, 191, 192, 193, 194, 195, 196, 199, 200, 203, 204, 207, 208, 211, 212, 216, 222, 232, 233, 236, 238, 242, 244, 245, 246, 247, 252, 260, 261, 263, 271, 272, 276, 278, 283, 287, 288, 292, 293, 295, 297, 305, 307, 315, 316, 320, 322, 323, 327, 329, 337, 339, 347, 348, 351, 352, 356, 358, 366, 368, 376, 377, 382, 383, 385, 387, 395, 396, 399, 400, 402, 403, 405, 406, 409, 417, 418, 419, 420, 421, 422, 423, 424, 425, 426, 427, 428, 431, 432, 434, 435, 437, 443, 445, 447, 450, 451, 453, 463, 464, 466, 467, 469, 471, 474, 483, 485, 492, 494, 501, 503, 509, 511, 517, 519, 525, 527, 533, 535, 541, 543, 549, 551, 557, 559, 565, 567, 573, 575, 581, 583, 589, 593, 594, 596, 597, 599, 600, 602, 603, 604, 606, 608, 612, 613, 615, 616, 618, 620, 624, 625, 627, 628, 630, 631, 633, 634, 637, 638, 639, 644, 645, 646, 647, 651, 654, 655, 656, 660, 662, 663, 664, 666], "excluded_lines": [], "functions": {"EnvironmentAwareAnalyticsConfiguration.get_sandbox_analytics_config": {"executed_lines": [], "summary": {"covered_lines": 0, "num_statements": 1, "percent_covered": 0.0, "percent_covered_display": "0", "missing_lines": 1, "excluded_lines": 0}, "missing_lines": [48], "excluded_lines": []}, "EnvironmentAwareAnalyticsConfiguration.get_live_analytics_config": {"executed_lines": [], "summary": {"covered_lines": 0, "num_statements": 1, "percent_covered": 0.0, "percent_covered_display": "0", "missing_lines": 1, "excluded_lines": 0}, "missing_lines": [77], "excluded_lines": []}, "EnvironmentAwareAnalyticsManager.__init__": {"executed_lines": [], "summary": {"covered_lines": 0, "num_statements": 5, "percent_covered": 0.0, "percent_covered_display": "0", "missing_lines": 5, "excluded_lines": 0}, "missing_lines": [113, 114, 115, 116, 117], "excluded_lines": []}, "EnvironmentAwareAnalyticsManager._update_service_environment": {"executed_lines": [], "summary": {"covered_lines": 0, "num_statements": 10, "percent_covered": 0.0, "percent_covered_display": "0", "missing_lines": 10, "excluded_lines": 0}, "missing_lines": [121, 124, 125, 126, 128, 129, 131, 134, 148, 158], "excluded_lines": []}, "EnvironmentAwareAnalyticsManager.get_environment_analytics_config": {"executed_lines": [], "summary": {"covered_lines": 0, "num_statements": 7, "percent_covered": 0.0, "percent_covered_display": "0", "missing_lines": 7, "excluded_lines": 0}, "missing_lines": [162, 164, 165, 166, 168, 169, 171], "excluded_lines": []}, "EnvironmentAwareAnalyticsManager.generate_environment_aware_report": {"executed_lines": [], "summary": {"covered_lines": 0, "num_statements": 30, "percent_covered": 0.0, "percent_covered_display": "0", "missing_lines": 30, "excluded_lines": 0}, "missing_lines": [181, 182, 185, 187, 189, 191, 192, 193, 194, 195, 196, 199, 200, 203, 204, 207, 208, 211, 212, 216, 222, 232, 233, 236, 238, 242, 244, 245, 246, 247], "excluded_lines": []}, "EnvironmentAwareAnalyticsManager._generate_performance_report": {"executed_lines": [], "summary": {"covered_lines": 0, "num_statements": 13, "percent_covered": 0.0, "percent_covered_display": "0", "missing_lines": 13, "excluded_lines": 0}, "missing_lines": [260, 261, 263, 271, 272, 276, 278, 283, 287, 288, 292, 293, 295], "excluded_lines": []}, "EnvironmentAwareAnalyticsManager._generate_risk_report": {"executed_lines": [], "summary": {"covered_lines": 0, "num_statements": 8, "percent_covered": 0.0, "percent_covered_display": "0", "missing_lines": 8, "excluded_lines": 0}, "missing_lines": [305, 307, 315, 316, 320, 322, 323, 327], "excluded_lines": []}, "EnvironmentAwareAnalyticsManager._generate_execution_report": {"executed_lines": [], "summary": {"covered_lines": 0, "num_statements": 7, "percent_covered": 0.0, "percent_covered_display": "0", "missing_lines": 7, "excluded_lines": 0}, "missing_lines": [337, 339, 347, 348, 351, 352, 356], "excluded_lines": []}, "EnvironmentAwareAnalyticsManager._generate_portfolio_report": {"executed_lines": [], "summary": {"covered_lines": 0, "num_statements": 7, "percent_covered": 0.0, "percent_covered_display": "0", "missing_lines": 7, "excluded_lines": 0}, "missing_lines": [366, 368, 376, 377, 382, 383, 385], "excluded_lines": []}, "EnvironmentAwareAnalyticsManager.track_environment_performance": {"executed_lines": [], "summary": {"covered_lines": 0, "num_statements": 27, "percent_covered": 0.0, "percent_covered_display": "0", "missing_lines": 27, "excluded_lines": 0}, "missing_lines": [395, 396, 399, 400, 402, 403, 405, 406, 409, 417, 418, 419, 420, 421, 422, 423, 424, 425, 426, 427, 428, 431, 432, 434, 435, 437, 443], "excluded_lines": []}, "EnvironmentAwareAnalyticsManager._calculate_performance_summary": {"executed_lines": [], "summary": {"covered_lines": 0, "num_statements": 9, "percent_covered": 0.0, "percent_covered_display": "0", "missing_lines": 9, "excluded_lines": 0}, "missing_lines": [447, 450, 451, 453, 463, 464, 466, 467, 469], "excluded_lines": []}, "EnvironmentAwareAnalyticsManager._calculate_detailed_performance_metrics": {"executed_lines": [], "summary": {"covered_lines": 0, "num_statements": 1, "percent_covered": 0.0, "percent_covered_display": "0", "missing_lines": 1, "excluded_lines": 0}, "missing_lines": [474], "excluded_lines": []}, "EnvironmentAwareAnalyticsManager._calculate_production_performance_metrics": {"executed_lines": [], "summary": {"covered_lines": 0, "num_statements": 1, "percent_covered": 0.0, "percent_covered_display": "0", "missing_lines": 1, "excluded_lines": 0}, "missing_lines": [485], "excluded_lines": []}, "EnvironmentAwareAnalyticsManager._calculate_sandbox_performance_metrics": {"executed_lines": [], "summary": {"covered_lines": 0, "num_statements": 1, "percent_covered": 0.0, "percent_covered_display": "0", "missing_lines": 1, "excluded_lines": 0}, "missing_lines": [494], "excluded_lines": []}, "EnvironmentAwareAnalyticsManager._calculate_advanced_performance_analytics": {"executed_lines": [], "summary": {"covered_lines": 0, "num_statements": 1, "percent_covered": 0.0, "percent_covered_display": "0", "missing_lines": 1, "excluded_lines": 0}, "missing_lines": [503], "excluded_lines": []}, "EnvironmentAwareAnalyticsManager._calculate_risk_summary": {"executed_lines": [], "summary": {"covered_lines": 0, "num_statements": 1, "percent_covered": 0.0, "percent_covered_display": "0", "missing_lines": 1, "excluded_lines": 0}, "missing_lines": [511], "excluded_lines": []}, "EnvironmentAwareAnalyticsManager._calculate_production_risk_metrics": {"executed_lines": [], "summary": {"covered_lines": 0, "num_statements": 1, "percent_covered": 0.0, "percent_covered_display": "0", "missing_lines": 1, "excluded_lines": 0}, "missing_lines": [519], "excluded_lines": []}, "EnvironmentAwareAnalyticsManager._calculate_sandbox_risk_metrics": {"executed_lines": [], "summary": {"covered_lines": 0, "num_statements": 1, "percent_covered": 0.0, "percent_covered_display": "0", "missing_lines": 1, "excluded_lines": 0}, "missing_lines": [527], "excluded_lines": []}, "EnvironmentAwareAnalyticsManager._calculate_detailed_risk_analysis": {"executed_lines": [], "summary": {"covered_lines": 0, "num_statements": 1, "percent_covered": 0.0, "percent_covered_display": "0", "missing_lines": 1, "excluded_lines": 0}, "missing_lines": [535], "excluded_lines": []}, "EnvironmentAwareAnalyticsManager._calculate_execution_summary": {"executed_lines": [], "summary": {"covered_lines": 0, "num_statements": 1, "percent_covered": 0.0, "percent_covered_display": "0", "missing_lines": 1, "excluded_lines": 0}, "missing_lines": [543], "excluded_lines": []}, "EnvironmentAwareAnalyticsManager._calculate_slippage_analysis": {"executed_lines": [], "summary": {"covered_lines": 0, "num_statements": 1, "percent_covered": 0.0, "percent_covered_display": "0", "missing_lines": 1, "excluded_lines": 0}, "missing_lines": [551], "excluded_lines": []}, "EnvironmentAwareAnalyticsManager._calculate_market_impact_analysis": {"executed_lines": [], "summary": {"covered_lines": 0, "num_statements": 1, "percent_covered": 0.0, "percent_covered_display": "0", "missing_lines": 1, "excluded_lines": 0}, "missing_lines": [559], "excluded_lines": []}, "EnvironmentAwareAnalyticsManager._calculate_portfolio_summary": {"executed_lines": [], "summary": {"covered_lines": 0, "num_statements": 1, "percent_covered": 0.0, "percent_covered_display": "0", "missing_lines": 1, "excluded_lines": 0}, "missing_lines": [567], "excluded_lines": []}, "EnvironmentAwareAnalyticsManager._calculate_performance_attribution": {"executed_lines": [], "summary": {"covered_lines": 0, "num_statements": 1, "percent_covered": 0.0, "percent_covered_display": "0", "missing_lines": 1, "excluded_lines": 0}, "missing_lines": [575], "excluded_lines": []}, "EnvironmentAwareAnalyticsManager._calculate_benchmark_comparison": {"executed_lines": [], "summary": {"covered_lines": 0, "num_statements": 1, "percent_covered": 0.0, "percent_covered_display": "0", "missing_lines": 1, "excluded_lines": 0}, "missing_lines": [583], "excluded_lines": []}, "EnvironmentAwareAnalyticsManager._get_cached_report": {"executed_lines": [], "summary": {"covered_lines": 0, "num_statements": 10, "percent_covered": 0.0, "percent_covered_display": "0", "missing_lines": 10, "excluded_lines": 0}, "missing_lines": [593, 594, 596, 597, 599, 600, 602, 603, 604, 606], "excluded_lines": []}, "EnvironmentAwareAnalyticsManager._cache_report": {"executed_lines": [], "summary": {"covered_lines": 0, "num_statements": 5, "percent_covered": 0.0, "percent_covered_display": "0", "missing_lines": 5, "excluded_lines": 0}, "missing_lines": [612, 613, 615, 616, 618], "excluded_lines": []}, "EnvironmentAwareAnalyticsManager._update_analytics_metrics": {"executed_lines": [], "summary": {"covered_lines": 0, "num_statements": 19, "percent_covered": 0.0, "percent_covered_display": "0", "missing_lines": 19, "excluded_lines": 0}, "missing_lines": [624, 625, 627, 628, 630, 631, 633, 634, 637, 638, 639, 644, 645, 646, 647, 651, 654, 655, 656], "excluded_lines": []}, "EnvironmentAwareAnalyticsManager.get_environment_analytics_metrics": {"executed_lines": [], "summary": {"covered_lines": 0, "num_statements": 4, "percent_covered": 0.0, "percent_covered_display": "0", "missing_lines": 4, "excluded_lines": 0}, "missing_lines": [662, 663, 664, 666], "excluded_lines": []}, "": {"executed_lines": [], "summary": {"covered_lines": 0, "num_statements": 52, "percent_covered": 0.0, "percent_covered_display": "0", "missing_lines": 52, "excluded_lines": 0}, "missing_lines": [9, 10, 11, 12, 14, 15, 19, 21, 24, 27, 28, 29, 30, 33, 36, 37, 38, 39, 42, 45, 46, 74, 75, 104, 112, 119, 160, 173, 252, 297, 329, 358, 387, 445, 471, 483, 492, 501, 509, 517, 525, 533, 541, 549, 557, 565, 573, 581, 589, 608, 620, 660], "excluded_lines": []}}, "classes": {"AnalyticsMode": {"executed_lines": [], "summary": {"covered_lines": 0, "num_statements": 0, "percent_covered": 100.0, "percent_covered_display": "100", "missing_lines": 0, "excluded_lines": 0}, "missing_lines": [], "excluded_lines": []}, "ReportingLevel": {"executed_lines": [], "summary": {"covered_lines": 0, "num_statements": 0, "percent_covered": 100.0, "percent_covered_display": "100", "missing_lines": 0, "excluded_lines": 0}, "missing_lines": [], "excluded_lines": []}, "EnvironmentAwareAnalyticsConfiguration": {"executed_lines": [], "summary": {"covered_lines": 0, "num_statements": 2, "percent_covered": 0.0, "percent_covered_display": "0", "missing_lines": 2, "excluded_lines": 0}, "missing_lines": [48, 77], "excluded_lines": []}, "EnvironmentAwareAnalyticsManager": {"executed_lines": [], "summary": {"covered_lines": 0, "num_statements": 175, "percent_covered": 0.0, "percent_covered_display": "0", "missing_lines": 175, "excluded_lines": 0}, "missing_lines": [113, 114, 115, 116, 117, 121, 124, 125, 126, 128, 129, 131, 134, 148, 158, 162, 164, 165, 166, 168, 169, 171, 181, 182, 185, 187, 189, 191, 192, 193, 194, 195, 196, 199, 200, 203, 204, 207, 208, 211, 212, 216, 222, 232, 233, 236, 238, 242, 244, 245, 246, 247, 260, 261, 263, 271, 272, 276, 278, 283, 287, 288, 292, 293, 295, 305, 307, 315, 316, 320, 322, 323, 327, 337, 339, 347, 348, 351, 352, 356, 366, 368, 376, 377, 382, 383, 385, 395, 396, 399, 400, 402, 403, 405, 406, 409, 417, 418, 419, 420, 421, 422, 423, 424, 425, 426, 427, 428, 431, 432, 434, 435, 437, 443, 447, 450, 451, 453, 463, 464, 466, 467, 469, 474, 485, 494, 503, 511, 519, 527, 535, 543, 551, 559, 567, 575, 583, 593, 594, 596, 597, 599, 600, 602, 603, 604, 606, 612, 613, 615, 616, 618, 624, 625, 627, 628, 630, 631, 633, 634, 637, 638, 639, 644, 645, 646, 647, 651, 654, 655, 656, 662, 663, 664, 666], "excluded_lines": []}, "": {"executed_lines": [], "summary": {"covered_lines": 0, "num_statements": 52, "percent_covered": 0.0, "percent_covered_display": "0", "missing_lines": 52, "excluded_lines": 0}, "missing_lines": [9, 10, 11, 12, 14, 15, 19, 21, 24, 27, 28, 29, 30, 33, 36, 37, 38, 39, 42, 45, 46, 74, 75, 104, 112, 119, 160, 173, 252, 297, 329, 358, 387, 445, 471, 483, 492, 501, 509, 517, 525, 533, 541, 549, 557, 565, 573, 581, 589, 608, 620, 660], "excluded_lines": []}}}, "src/analytics/events.py": {"executed_lines": [1, 7, 8, 9, 10, 12, 14, 24, 25, 28, 29, 31, 32, 33, 34, 35, 36, 37, 38, 39, 40, 41, 42, 43, 44, 45, 46, 47, 48, 49, 52, 53, 55, 56, 57, 58, 59, 60, 61, 62, 66, 67, 69, 70, 71, 73, 78, 79, 81, 83, 84, 86, 87, 88, 89, 91, 92, 97, 98, 100, 102, 105, 106, 107, 108, 109, 110, 115, 116, 118, 120, 123, 124, 125, 126, 127, 133, 134, 136, 137, 138, 140, 142, 143, 144, 146, 148, 150, 152, 155, 158, 164, 166, 168, 170, 172, 174, 176, 184, 186, 187, 188, 189, 190, 191, 192, 194, 199, 201, 202, 203, 204, 206, 244, 248, 249, 252, 253, 254, 255, 256, 257, 260, 262, 266, 268, 270, 280, 283, 285, 287, 297, 300, 302, 304, 314, 317, 321, 327, 330, 334, 336, 348], "summary": {"covered_lines": 135, "num_statements": 159, "percent_covered": 84.90566037735849, "percent_covered_display": "85", "missing_lines": 24, "excluded_lines": 0}, "missing_lines": [75, 93, 94, 103, 111, 112, 121, 128, 129, 156, 160, 161, 162, 196, 197, 208, 210, 216, 228, 229, 236, 237, 239, 240], "excluded_lines": [], "functions": {"EventHandler.__init__": {"executed_lines": [70, 71], "summary": {"covered_lines": 2, "num_statements": 2, "percent_covered": 100.0, "percent_covered_display": "100", "missing_lines": 0, "excluded_lines": 0}, "missing_lines": [], "excluded_lines": []}, "EventHandler.handle_event": {"executed_lines": [], "summary": {"covered_lines": 0, "num_statements": 1, "percent_covered": 0.0, "percent_covered_display": "0", "missing_lines": 1, "excluded_lines": 0}, "missing_lines": [75], "excluded_lines": []}, "PortfolioEventHandler.handle_event": {"executed_lines": [83, 84, 86, 87, 88, 89, 91, 92], "summary": {"covered_lines": 8, "num_statements": 10, "percent_covered": 80.0, "percent_covered_display": "80", "missing_lines": 2, "excluded_lines": 0}, "missing_lines": [93, 94], "excluded_lines": []}, "RiskEventHandler.handle_event": {"executed_lines": [102, 105, 106, 107, 108, 109, 110], "summary": {"covered_lines": 7, "num_statements": 10, "percent_covered": 70.0, "percent_covered_display": "70", "missing_lines": 3, "excluded_lines": 0}, "missing_lines": [103, 111, 112], "excluded_lines": []}, "AlertEventHandler.handle_event": {"executed_lines": [120, 123, 124, 125, 126, 127], "summary": {"covered_lines": 6, "num_statements": 9, "percent_covered": 66.66666666666667, "percent_covered_display": "67", "missing_lines": 3, "excluded_lines": 0}, "missing_lines": [121, 128, 129], "excluded_lines": []}, "SimpleEventBus.__init__": {"executed_lines": [137, 138], "summary": {"covered_lines": 2, "num_statements": 2, "percent_covered": 100.0, "percent_covered_display": "100", "missing_lines": 0, "excluded_lines": 0}, "missing_lines": [], "excluded_lines": []}, "SimpleEventBus.register_handler": {"executed_lines": [142, 143, 144], "summary": {"covered_lines": 3, "num_statements": 3, "percent_covered": 100.0, "percent_covered_display": "100", "missing_lines": 0, "excluded_lines": 0}, "missing_lines": [], "excluded_lines": []}, "SimpleEventBus.publish": {"executed_lines": [148, 150, 152, 155, 158], "summary": {"covered_lines": 5, "num_statements": 9, "percent_covered": 55.55555555555556, "percent_covered_display": "56", "missing_lines": 4, "excluded_lines": 0}, "missing_lines": [156, 160, 161, 162], "excluded_lines": []}, "SimpleEventBus.start": {"executed_lines": [166], "summary": {"covered_lines": 1, "num_statements": 1, "percent_covered": 100.0, "percent_covered_display": "100", "missing_lines": 0, "excluded_lines": 0}, "missing_lines": [], "excluded_lines": []}, "SimpleEventBus.stop": {"executed_lines": [170], "summary": {"covered_lines": 1, "num_statements": 1, "percent_covered": 100.0, "percent_covered_display": "100", "missing_lines": 0, "excluded_lines": 0}, "missing_lines": [], "excluded_lines": []}, "SimpleEventBus._apply_core_alignment": {"executed_lines": [174, 176], "summary": {"covered_lines": 2, "num_statements": 2, "percent_covered": 100.0, "percent_covered_display": "100", "missing_lines": 0, "excluded_lines": 0}, "missing_lines": [], "excluded_lines": []}, "SimpleEventBus._process_handlers_stream": {"executed_lines": [186, 187, 188, 189, 190, 191, 192], "summary": {"covered_lines": 7, "num_statements": 7, "percent_covered": 100.0, "percent_covered_display": "100", "missing_lines": 0, "excluded_lines": 0}, "missing_lines": [], "excluded_lines": []}, "SimpleEventBus._process_handlers_batch": {"executed_lines": [], "summary": {"covered_lines": 0, "num_statements": 2, "percent_covered": 0.0, "percent_covered_display": "0", "missing_lines": 2, "excluded_lines": 0}, "missing_lines": [196, 197], "excluded_lines": []}, "SimpleEventBus._safe_handle": {"executed_lines": [201, 202, 203, 204], "summary": {"covered_lines": 4, "num_statements": 4, "percent_covered": 100.0, "percent_covered_display": "100", "missing_lines": 0, "excluded_lines": 0}, "missing_lines": [], "excluded_lines": []}, "SimpleEventBus._propagate_event_error_consistently": {"executed_lines": [], "summary": {"covered_lines": 0, "num_statements": 9, "percent_covered": 0.0, "percent_covered_display": "0", "missing_lines": 9, "excluded_lines": 0}, "missing_lines": [208, 210, 216, 228, 229, 236, 237, 239, 240], "excluded_lines": []}, "get_event_bus": {"executed_lines": [262], "summary": {"covered_lines": 1, "num_statements": 1, "percent_covered": 100.0, "percent_covered_display": "100", "missing_lines": 0, "excluded_lines": 0}, "missing_lines": [], "excluded_lines": []}, "publish_position_updated": {"executed_lines": [268, 270, 280], "summary": {"covered_lines": 3, "num_statements": 3, "percent_covered": 100.0, "percent_covered_display": "100", "missing_lines": 0, "excluded_lines": 0}, "missing_lines": [], "excluded_lines": []}, "publish_trade_executed": {"executed_lines": [285, 287, 297], "summary": {"covered_lines": 3, "num_statements": 3, "percent_covered": 100.0, "percent_covered_display": "100", "missing_lines": 0, "excluded_lines": 0}, "missing_lines": [], "excluded_lines": []}, "publish_order_updated": {"executed_lines": [302, 304, 314], "summary": {"covered_lines": 3, "num_statements": 3, "percent_covered": 100.0, "percent_covered_display": "100", "missing_lines": 0, "excluded_lines": 0}, "missing_lines": [], "excluded_lines": []}, "publish_price_updated": {"executed_lines": [321, 327], "summary": {"covered_lines": 2, "num_statements": 2, "percent_covered": 100.0, "percent_covered_display": "100", "missing_lines": 0, "excluded_lines": 0}, "missing_lines": [], "excluded_lines": []}, "publish_risk_limit_breached": {"executed_lines": [334, 336, 348], "summary": {"covered_lines": 3, "num_statements": 3, "percent_covered": 100.0, "percent_covered_display": "100", "missing_lines": 0, "excluded_lines": 0}, "missing_lines": [], "excluded_lines": []}, "": {"executed_lines": [1, 7, 8, 9, 10, 12, 14, 24, 25, 28, 29, 31, 32, 33, 34, 35, 36, 37, 38, 39, 40, 41, 42, 43, 44, 45, 46, 47, 48, 49, 52, 53, 55, 56, 57, 58, 59, 60, 61, 62, 66, 67, 69, 73, 78, 79, 81, 97, 98, 100, 115, 116, 118, 133, 134, 136, 140, 146, 164, 168, 172, 184, 194, 199, 206, 244, 248, 249, 252, 253, 254, 255, 256, 257, 260, 266, 283, 300, 317, 330], "summary": {"covered_lines": 72, "num_statements": 72, "percent_covered": 100.0, "percent_covered_display": "100", "missing_lines": 0, "excluded_lines": 0}, "missing_lines": [], "excluded_lines": []}}, "classes": {"AnalyticsEventType": {"executed_lines": [], "summary": {"covered_lines": 0, "num_statements": 0, "percent_covered": 100.0, "percent_covered_display": "100", "missing_lines": 0, "excluded_lines": 0}, "missing_lines": [], "excluded_lines": []}, "AnalyticsEvent": {"executed_lines": [], "summary": {"covered_lines": 0, "num_statements": 0, "percent_covered": 100.0, "percent_covered_display": "100", "missing_lines": 0, "excluded_lines": 0}, "missing_lines": [], "excluded_lines": []}, "EventHandler": {"executed_lines": [70, 71], "summary": {"covered_lines": 2, "num_statements": 3, "percent_covered": 66.66666666666667, "percent_covered_display": "67", "missing_lines": 1, "excluded_lines": 0}, "missing_lines": [75], "excluded_lines": []}, "PortfolioEventHandler": {"executed_lines": [83, 84, 86, 87, 88, 89, 91, 92], "summary": {"covered_lines": 8, "num_statements": 10, "percent_covered": 80.0, "percent_covered_display": "80", "missing_lines": 2, "excluded_lines": 0}, "missing_lines": [93, 94], "excluded_lines": []}, "RiskEventHandler": {"executed_lines": [102, 105, 106, 107, 108, 109, 110], "summary": {"covered_lines": 7, "num_statements": 10, "percent_covered": 70.0, "percent_covered_display": "70", "missing_lines": 3, "excluded_lines": 0}, "missing_lines": [103, 111, 112], "excluded_lines": []}, "AlertEventHandler": {"executed_lines": [120, 123, 124, 125, 126, 127], "summary": {"covered_lines": 6, "num_statements": 9, "percent_covered": 66.66666666666667, "percent_covered_display": "67", "missing_lines": 3, "excluded_lines": 0}, "missing_lines": [121, 128, 129], "excluded_lines": []}, "SimpleEventBus": {"executed_lines": [137, 138, 142, 143, 144, 148, 150, 152, 155, 158, 166, 170, 174, 176, 186, 187, 188, 189, 190, 191, 192, 201, 202, 203, 204], "summary": {"covered_lines": 25, "num_statements": 40, "percent_covered": 62.5, "percent_covered_display": "62", "missing_lines": 15, "excluded_lines": 0}, "missing_lines": [156, 160, 161, 162, 196, 197, 208, 210, 216, 228, 229, 236, 237, 239, 240], "excluded_lines": []}, "": {"executed_lines": [1, 7, 8, 9, 10, 12, 14, 24, 25, 28, 29, 31, 32, 33, 34, 35, 36, 37, 38, 39, 40, 41, 42, 43, 44, 45, 46, 47, 48, 49, 52, 53, 55, 56, 57, 58, 59, 60, 61, 62, 66, 67, 69, 73, 78, 79, 81, 97, 98, 100, 115, 116, 118, 133, 134, 136, 140, 146, 164, 168, 172, 184, 194, 199, 206, 244, 248, 249, 252, 253, 254, 255, 256, 257, 260, 262, 266, 268, 270, 280, 283, 285, 287, 297, 300, 302, 304, 314, 317, 321, 327, 330, 334, 336, 348], "summary": {"covered_lines": 87, "num_statements": 87, "percent_covered": 100.0, "percent_covered_display": "100", "missing_lines": 0, "excluded_lines": 0}, "missing_lines": [], "excluded_lines": []}}}, "src/analytics/factory.py": {"executed_lines": [1, 7, 9, 12, 13, 16, 17, 19, 21, 23, 27, 30, 31, 33, 44, 45, 46, 47, 49, 52, 54, 56, 62, 64, 66, 68, 70, 72, 74, 76, 78, 80, 82, 84, 86, 88, 90, 92, 94, 96, 98, 105, 109, 110], "summary": {"covered_lines": 42, "num_statements": 47, "percent_covered": 89.36170212765957, "percent_covered_display": "89", "missing_lines": 5, "excluded_lines": 0}, "missing_lines": [10, 58, 60, 100, 102], "excluded_lines": [], "functions": {"AnalyticsServiceFactory.__init__": {"executed_lines": [21], "summary": {"covered_lines": 1, "num_statements": 1, "percent_covered": 100.0, "percent_covered_display": "100", "missing_lines": 0, "excluded_lines": 0}, "missing_lines": [], "excluded_lines": []}, "AnalyticsServiceFactory.create_analytics_service": {"executed_lines": [27, 30, 31, 33, 44, 45, 46, 47, 49, 52, 54], "summary": {"covered_lines": 11, "num_statements": 11, "percent_covered": 100.0, "percent_covered_display": "100", "missing_lines": 0, "excluded_lines": 0}, "missing_lines": [], "excluded_lines": []}, "AnalyticsServiceFactory.create_realtime_analytics_service": {"executed_lines": [], "summary": {"covered_lines": 0, "num_statements": 2, "percent_covered": 0.0, "percent_covered_display": "0", "missing_lines": 2, "excluded_lines": 0}, "missing_lines": [58, 60], "excluded_lines": []}, "AnalyticsServiceFactory.create_portfolio_service": {"executed_lines": [64, 66], "summary": {"covered_lines": 2, "num_statements": 2, "percent_covered": 100.0, "percent_covered_display": "100", "missing_lines": 0, "excluded_lines": 0}, "missing_lines": [], "excluded_lines": []}, "AnalyticsServiceFactory.create_risk_service": {"executed_lines": [70, 72], "summary": {"covered_lines": 2, "num_statements": 2, "percent_covered": 100.0, "percent_covered_display": "100", "missing_lines": 0, "excluded_lines": 0}, "missing_lines": [], "excluded_lines": []}, "AnalyticsServiceFactory.create_reporting_service": {"executed_lines": [76, 78], "summary": {"covered_lines": 2, "num_statements": 2, "percent_covered": 100.0, "percent_covered_display": "100", "missing_lines": 0, "excluded_lines": 0}, "missing_lines": [], "excluded_lines": []}, "AnalyticsServiceFactory.create_operational_service": {"executed_lines": [82, 84], "summary": {"covered_lines": 2, "num_statements": 2, "percent_covered": 100.0, "percent_covered_display": "100", "missing_lines": 0, "excluded_lines": 0}, "missing_lines": [], "excluded_lines": []}, "AnalyticsServiceFactory.create_alert_service": {"executed_lines": [88, 90], "summary": {"covered_lines": 2, "num_statements": 2, "percent_covered": 100.0, "percent_covered_display": "100", "missing_lines": 0, "excluded_lines": 0}, "missing_lines": [], "excluded_lines": []}, "AnalyticsServiceFactory.create_export_service": {"executed_lines": [94, 96], "summary": {"covered_lines": 2, "num_statements": 2, "percent_covered": 100.0, "percent_covered_display": "100", "missing_lines": 0, "excluded_lines": 0}, "missing_lines": [], "excluded_lines": []}, "AnalyticsServiceFactory.create_dashboard_service": {"executed_lines": [], "summary": {"covered_lines": 0, "num_statements": 2, "percent_covered": 0.0, "percent_covered_display": "0", "missing_lines": 2, "excluded_lines": 0}, "missing_lines": [100, 102], "excluded_lines": []}, "create_default_analytics_service": {"executed_lines": [109, 110], "summary": {"covered_lines": 2, "num_statements": 2, "percent_covered": 100.0, "percent_covered_display": "100", "missing_lines": 0, "excluded_lines": 0}, "missing_lines": [], "excluded_lines": []}, "": {"executed_lines": [1, 7, 9, 12, 13, 16, 17, 19, 23, 56, 62, 68, 74, 80, 86, 92, 98, 105], "summary": {"covered_lines": 16, "num_statements": 17, "percent_covered": 94.11764705882354, "percent_covered_display": "94", "missing_lines": 1, "excluded_lines": 0}, "missing_lines": [10], "excluded_lines": []}}, "classes": {"AnalyticsServiceFactory": {"executed_lines": [21, 27, 30, 31, 33, 44, 45, 46, 47, 49, 52, 54, 64, 66, 70, 72, 76, 78, 82, 84, 88, 90, 94, 96], "summary": {"covered_lines": 24, "num_statements": 28, "percent_covered": 85.71428571428571, "percent_covered_display": "86", "missing_lines": 4, "excluded_lines": 0}, "missing_lines": [58, 60, 100, 102], "excluded_lines": []}, "": {"executed_lines": [1, 7, 9, 12, 13, 16, 17, 19, 23, 56, 62, 68, 74, 80, 86, 92, 98, 105, 109, 110], "summary": {"covered_lines": 18, "num_statements": 19, "percent_covered": 94.73684210526316, "percent_covered_display": "95", "missing_lines": 1, "excluded_lines": 0}, "missing_lines": [10], "excluded_lines": []}}}, "src/analytics/interfaces.py": {"executed_lines": [1, 8, 9, 10, 11, 13, 23, 26, 27, 28, 30, 34, 38, 42, 46, 51, 52, 54, 58, 62, 66, 70, 74, 78, 82, 86, 91, 92, 94, 106, 110, 115, 116, 118, 124, 130, 135, 136, 138, 142, 146, 150, 154, 159, 160, 162, 172, 173, 175, 181, 185, 190, 191, 193, 197, 203, 210, 211, 213, 217, 221, 225, 229, 233, 237, 241, 245, 250, 251, 253, 254, 258, 259, 263, 264, 268, 269, 276, 277, 279, 280, 286, 287, 293, 294, 301, 302, 304, 305, 315, 316, 323, 324, 325, 327, 331, 335, 339, 343, 347, 351, 355], "summary": {"covered_lines": 9, "num_statements": 9, "percent_covered": 100.0, "percent_covered_display": "100", "missing_lines": 0, "excluded_lines": 293}, "missing_lines": [], "excluded_lines": [26, 27, 28, 29, 30, 31, 32, 33, 34, 35, 36, 37, 38, 39, 40, 41, 42, 43, 44, 45, 46, 47, 48, 51, 52, 53, 54, 55, 56, 57, 58, 59, 60, 61, 62, 63, 64, 65, 66, 67, 68, 69, 70, 71, 72, 73, 74, 75, 76, 77, 78, 79, 80, 81, 82, 83, 84, 85, 86, 87, 88, 91, 92, 93, 94, 95, 96, 97, 98, 99, 100, 101, 102, 103, 104, 105, 106, 107, 108, 109, 110, 111, 112, 115, 116, 117, 118, 119, 120, 121, 122, 123, 124, 125, 126, 127, 128, 129, 130, 131, 132, 135, 136, 137, 138, 139, 140, 141, 142, 143, 144, 145, 146, 147, 148, 149, 150, 151, 152, 153, 154, 155, 156, 159, 160, 161, 162, 163, 164, 165, 166, 167, 168, 169, 172, 173, 174, 175, 176, 177, 178, 179, 180, 181, 182, 183, 184, 185, 186, 187, 190, 191, 192, 193, 194, 195, 196, 197, 198, 199, 200, 201, 202, 203, 204, 205, 206, 207, 210, 211, 212, 213, 214, 215, 216, 217, 218, 219, 220, 221, 222, 223, 224, 225, 226, 227, 228, 229, 230, 231, 232, 233, 234, 235, 236, 237, 238, 239, 240, 241, 242, 243, 244, 245, 246, 247, 253, 254, 255, 256, 258, 259, 260, 261, 263, 264, 265, 266, 268, 269, 270, 271, 272, 273, 279, 280, 281, 282, 283, 284, 286, 287, 288, 289, 290, 291, 293, 294, 295, 296, 297, 298, 304, 305, 306, 307, 308, 309, 310, 311, 312, 313, 315, 316, 317, 318, 319, 320, 323, 324, 325, 326, 327, 328, 329, 330, 331, 332, 333, 334, 335, 336, 337, 338, 339, 340, 341, 342, 343, 344, 345, 346, 347, 348, 349, 350, 351, 352, 353, 354, 355, 356, 357], "functions": {"DataTransformationServiceProtocol.transform_portfolio_to_dict": {"executed_lines": [], "summary": {"covered_lines": 0, "num_statements": 0, "percent_covered": 100.0, "percent_covered_display": "100", "missing_lines": 0, "excluded_lines": 2}, "missing_lines": [], "excluded_lines": [31, 32]}, "DataTransformationServiceProtocol.transform_position_to_dict": {"executed_lines": [], "summary": {"covered_lines": 0, "num_statements": 0, "percent_covered": 100.0, "percent_covered_display": "100", "missing_lines": 0, "excluded_lines": 2}, "missing_lines": [], "excluded_lines": [35, 36]}, "DataTransformationServiceProtocol.transform_risk_to_dict": {"executed_lines": [], "summary": {"covered_lines": 0, "num_statements": 0, "percent_covered": 100.0, "percent_covered_display": "100", "missing_lines": 0, "excluded_lines": 2}, "missing_lines": [], "excluded_lines": [39, 40]}, "DataTransformationServiceProtocol.transform_dict_to_portfolio": {"executed_lines": [], "summary": {"covered_lines": 0, "num_statements": 0, "percent_covered": 100.0, "percent_covered_display": "100", "missing_lines": 0, "excluded_lines": 2}, "missing_lines": [], "excluded_lines": [43, 44]}, "DataTransformationServiceProtocol.transform_dict_to_risk": {"executed_lines": [], "summary": {"covered_lines": 0, "num_statements": 0, "percent_covered": 100.0, "percent_covered_display": "100", "missing_lines": 0, "excluded_lines": 2}, "missing_lines": [], "excluded_lines": [47, 48]}, "AnalyticsServiceProtocol.start": {"executed_lines": [], "summary": {"covered_lines": 0, "num_statements": 0, "percent_covered": 100.0, "percent_covered_display": "100", "missing_lines": 0, "excluded_lines": 2}, "missing_lines": [], "excluded_lines": [55, 56]}, "AnalyticsServiceProtocol.stop": {"executed_lines": [], "summary": {"covered_lines": 0, "num_statements": 0, "percent_covered": 100.0, "percent_covered_display": "100", "missing_lines": 0, "excluded_lines": 2}, "missing_lines": [], "excluded_lines": [59, 60]}, "AnalyticsServiceProtocol.update_position": {"executed_lines": [], "summary": {"covered_lines": 0, "num_statements": 0, "percent_covered": 100.0, "percent_covered_display": "100", "missing_lines": 0, "excluded_lines": 2}, "missing_lines": [], "excluded_lines": [63, 64]}, "AnalyticsServiceProtocol.update_trade": {"executed_lines": [], "summary": {"covered_lines": 0, "num_statements": 0, "percent_covered": 100.0, "percent_covered_display": "100", "missing_lines": 0, "excluded_lines": 2}, "missing_lines": [], "excluded_lines": [67, 68]}, "AnalyticsServiceProtocol.update_order": {"executed_lines": [], "summary": {"covered_lines": 0, "num_statements": 0, "percent_covered": 100.0, "percent_covered_display": "100", "missing_lines": 0, "excluded_lines": 2}, "missing_lines": [], "excluded_lines": [71, 72]}, "AnalyticsServiceProtocol.get_portfolio_metrics": {"executed_lines": [], "summary": {"covered_lines": 0, "num_statements": 0, "percent_covered": 100.0, "percent_covered_display": "100", "missing_lines": 0, "excluded_lines": 2}, "missing_lines": [], "excluded_lines": [75, 76]}, "AnalyticsServiceProtocol.get_risk_metrics": {"executed_lines": [], "summary": {"covered_lines": 0, "num_statements": 0, "percent_covered": 100.0, "percent_covered_display": "100", "missing_lines": 0, "excluded_lines": 2}, "missing_lines": [], "excluded_lines": [79, 80]}, "AnalyticsServiceProtocol.record_risk_metrics": {"executed_lines": [], "summary": {"covered_lines": 0, "num_statements": 0, "percent_covered": 100.0, "percent_covered_display": "100", "missing_lines": 0, "excluded_lines": 2}, "missing_lines": [], "excluded_lines": [83, 84]}, "AnalyticsServiceProtocol.record_risk_alert": {"executed_lines": [], "summary": {"covered_lines": 0, "num_statements": 0, "percent_covered": 100.0, "percent_covered_display": "100", "missing_lines": 0, "excluded_lines": 2}, "missing_lines": [], "excluded_lines": [87, 88]}, "AlertServiceProtocol.generate_alert": {"executed_lines": [], "summary": {"covered_lines": 0, "num_statements": 0, "percent_covered": 100.0, "percent_covered_display": "100", "missing_lines": 0, "excluded_lines": 2}, "missing_lines": [], "excluded_lines": [103, 104]}, "AlertServiceProtocol.get_active_alerts": {"executed_lines": [], "summary": {"covered_lines": 0, "num_statements": 0, "percent_covered": 100.0, "percent_covered_display": "100", "missing_lines": 0, "excluded_lines": 2}, "missing_lines": [], "excluded_lines": [107, 108]}, "AlertServiceProtocol.acknowledge_alert": {"executed_lines": [], "summary": {"covered_lines": 0, "num_statements": 0, "percent_covered": 100.0, "percent_covered_display": "100", "missing_lines": 0, "excluded_lines": 2}, "missing_lines": [], "excluded_lines": [111, 112]}, "RiskServiceProtocol.calculate_var": {"executed_lines": [], "summary": {"covered_lines": 0, "num_statements": 0, "percent_covered": 100.0, "percent_covered_display": "100", "missing_lines": 0, "excluded_lines": 2}, "missing_lines": [], "excluded_lines": [121, 122]}, "RiskServiceProtocol.run_stress_test": {"executed_lines": [], "summary": {"covered_lines": 0, "num_statements": 0, "percent_covered": 100.0, "percent_covered_display": "100", "missing_lines": 0, "excluded_lines": 2}, "missing_lines": [], "excluded_lines": [127, 128]}, "RiskServiceProtocol.get_risk_metrics": {"executed_lines": [], "summary": {"covered_lines": 0, "num_statements": 0, "percent_covered": 100.0, "percent_covered_display": "100", "missing_lines": 0, "excluded_lines": 2}, "missing_lines": [], "excluded_lines": [131, 132]}, "PortfolioServiceProtocol.update_position": {"executed_lines": [], "summary": {"covered_lines": 0, "num_statements": 0, "percent_covered": 100.0, "percent_covered_display": "100", "missing_lines": 0, "excluded_lines": 2}, "missing_lines": [], "excluded_lines": [139, 140]}, "PortfolioServiceProtocol.update_trade": {"executed_lines": [], "summary": {"covered_lines": 0, "num_statements": 0, "percent_covered": 100.0, "percent_covered_display": "100", "missing_lines": 0, "excluded_lines": 2}, "missing_lines": [], "excluded_lines": [143, 144]}, "PortfolioServiceProtocol.calculate_portfolio_metrics": {"executed_lines": [], "summary": {"covered_lines": 0, "num_statements": 0, "percent_covered": 100.0, "percent_covered_display": "100", "missing_lines": 0, "excluded_lines": 2}, "missing_lines": [], "excluded_lines": [147, 148]}, "PortfolioServiceProtocol.get_portfolio_composition": {"executed_lines": [], "summary": {"covered_lines": 0, "num_statements": 0, "percent_covered": 100.0, "percent_covered_display": "100", "missing_lines": 0, "excluded_lines": 2}, "missing_lines": [], "excluded_lines": [151, 152]}, "PortfolioServiceProtocol.calculate_correlation_matrix": {"executed_lines": [], "summary": {"covered_lines": 0, "num_statements": 0, "percent_covered": 100.0, "percent_covered_display": "100", "missing_lines": 0, "excluded_lines": 2}, "missing_lines": [], "excluded_lines": [155, 156]}, "ReportingServiceProtocol.generate_performance_report": {"executed_lines": [], "summary": {"covered_lines": 0, "num_statements": 0, "percent_covered": 100.0, "percent_covered_display": "100", "missing_lines": 0, "excluded_lines": 2}, "missing_lines": [], "excluded_lines": [168, 169]}, "ExportServiceProtocol.export_portfolio_data": {"executed_lines": [], "summary": {"covered_lines": 0, "num_statements": 0, "percent_covered": 100.0, "percent_covered_display": "100", "missing_lines": 0, "excluded_lines": 2}, "missing_lines": [], "excluded_lines": [178, 179]}, "ExportServiceProtocol.export_risk_data": {"executed_lines": [], "summary": {"covered_lines": 0, "num_statements": 0, "percent_covered": 100.0, "percent_covered_display": "100", "missing_lines": 0, "excluded_lines": 2}, "missing_lines": [], "excluded_lines": [182, 183]}, "ExportServiceProtocol.export_metrics": {"executed_lines": [], "summary": {"covered_lines": 0, "num_statements": 0, "percent_covered": 100.0, "percent_covered_display": "100", "missing_lines": 0, "excluded_lines": 2}, "missing_lines": [], "excluded_lines": [186, 187]}, "OperationalServiceProtocol.get_operational_metrics": {"executed_lines": [], "summary": {"covered_lines": 0, "num_statements": 0, "percent_covered": 100.0, "percent_covered_display": "100", "missing_lines": 0, "excluded_lines": 2}, "missing_lines": [], "excluded_lines": [194, 195]}, "OperationalServiceProtocol.record_strategy_event": {"executed_lines": [], "summary": {"covered_lines": 0, "num_statements": 0, "percent_covered": 100.0, "percent_covered_display": "100", "missing_lines": 0, "excluded_lines": 2}, "missing_lines": [], "excluded_lines": [200, 201]}, "OperationalServiceProtocol.record_system_error": {"executed_lines": [], "summary": {"covered_lines": 0, "num_statements": 0, "percent_covered": 100.0, "percent_covered_display": "100", "missing_lines": 0, "excluded_lines": 2}, "missing_lines": [], "excluded_lines": [206, 207]}, "RealtimeAnalyticsServiceProtocol.start": {"executed_lines": [], "summary": {"covered_lines": 0, "num_statements": 0, "percent_covered": 100.0, "percent_covered_display": "100", "missing_lines": 0, "excluded_lines": 2}, "missing_lines": [], "excluded_lines": [214, 215]}, "RealtimeAnalyticsServiceProtocol.stop": {"executed_lines": [], "summary": {"covered_lines": 0, "num_statements": 0, "percent_covered": 100.0, "percent_covered_display": "100", "missing_lines": 0, "excluded_lines": 2}, "missing_lines": [], "excluded_lines": [218, 219]}, "RealtimeAnalyticsServiceProtocol.update_position": {"executed_lines": [], "summary": {"covered_lines": 0, "num_statements": 0, "percent_covered": 100.0, "percent_covered_display": "100", "missing_lines": 0, "excluded_lines": 2}, "missing_lines": [], "excluded_lines": [222, 223]}, "RealtimeAnalyticsServiceProtocol.update_trade": {"executed_lines": [], "summary": {"covered_lines": 0, "num_statements": 0, "percent_covered": 100.0, "percent_covered_display": "100", "missing_lines": 0, "excluded_lines": 2}, "missing_lines": [], "excluded_lines": [226, 227]}, "RealtimeAnalyticsServiceProtocol.update_order": {"executed_lines": [], "summary": {"covered_lines": 0, "num_statements": 0, "percent_covered": 100.0, "percent_covered_display": "100", "missing_lines": 0, "excluded_lines": 2}, "missing_lines": [], "excluded_lines": [230, 231]}, "RealtimeAnalyticsServiceProtocol.update_price": {"executed_lines": [], "summary": {"covered_lines": 0, "num_statements": 0, "percent_covered": 100.0, "percent_covered_display": "100", "missing_lines": 0, "excluded_lines": 2}, "missing_lines": [], "excluded_lines": [234, 235]}, "RealtimeAnalyticsServiceProtocol.get_portfolio_metrics": {"executed_lines": [], "summary": {"covered_lines": 0, "num_statements": 0, "percent_covered": 100.0, "percent_covered_display": "100", "missing_lines": 0, "excluded_lines": 2}, "missing_lines": [], "excluded_lines": [238, 239]}, "RealtimeAnalyticsServiceProtocol.get_position_metrics": {"executed_lines": [], "summary": {"covered_lines": 0, "num_statements": 0, "percent_covered": 100.0, "percent_covered_display": "100", "missing_lines": 0, "excluded_lines": 2}, "missing_lines": [], "excluded_lines": [242, 243]}, "RealtimeAnalyticsServiceProtocol.get_strategy_metrics": {"executed_lines": [], "summary": {"covered_lines": 0, "num_statements": 0, "percent_covered": 100.0, "percent_covered_display": "100", "missing_lines": 0, "excluded_lines": 2}, "missing_lines": [], "excluded_lines": [246, 247]}, "AnalyticsDataRepository.store_portfolio_metrics": {"executed_lines": [], "summary": {"covered_lines": 0, "num_statements": 0, "percent_covered": 100.0, "percent_covered_display": "100", "missing_lines": 0, "excluded_lines": 2}, "missing_lines": [], "excluded_lines": [255, 256]}, "AnalyticsDataRepository.store_position_metrics": {"executed_lines": [], "summary": {"covered_lines": 0, "num_statements": 0, "percent_covered": 100.0, "percent_covered_display": "100", "missing_lines": 0, "excluded_lines": 2}, "missing_lines": [], "excluded_lines": [260, 261]}, "AnalyticsDataRepository.store_risk_metrics": {"executed_lines": [], "summary": {"covered_lines": 0, "num_statements": 0, "percent_covered": 100.0, "percent_covered_display": "100", "missing_lines": 0, "excluded_lines": 2}, "missing_lines": [], "excluded_lines": [265, 266]}, "AnalyticsDataRepository.get_historical_portfolio_metrics": {"executed_lines": [], "summary": {"covered_lines": 0, "num_statements": 0, "percent_covered": 100.0, "percent_covered_display": "100", "missing_lines": 0, "excluded_lines": 2}, "missing_lines": [], "excluded_lines": [272, 273]}, "MetricsCalculationService.calculate_portfolio_metrics": {"executed_lines": [], "summary": {"covered_lines": 0, "num_statements": 0, "percent_covered": 100.0, "percent_covered_display": "100", "missing_lines": 0, "excluded_lines": 2}, "missing_lines": [], "excluded_lines": [283, 284]}, "MetricsCalculationService.calculate_position_metrics": {"executed_lines": [], "summary": {"covered_lines": 0, "num_statements": 0, "percent_covered": 100.0, "percent_covered_display": "100", "missing_lines": 0, "excluded_lines": 2}, "missing_lines": [], "excluded_lines": [290, 291]}, "MetricsCalculationService.calculate_strategy_metrics": {"executed_lines": [], "summary": {"covered_lines": 0, "num_statements": 0, "percent_covered": 100.0, "percent_covered_display": "100", "missing_lines": 0, "excluded_lines": 2}, "missing_lines": [], "excluded_lines": [297, 298]}, "RiskCalculationService.calculate_portfolio_var": {"executed_lines": [], "summary": {"covered_lines": 0, "num_statements": 0, "percent_covered": 100.0, "percent_covered_display": "100", "missing_lines": 0, "excluded_lines": 2}, "missing_lines": [], "excluded_lines": [312, 313]}, "RiskCalculationService.calculate_risk_metrics": {"executed_lines": [], "summary": {"covered_lines": 0, "num_statements": 0, "percent_covered": 100.0, "percent_covered_display": "100", "missing_lines": 0, "excluded_lines": 2}, "missing_lines": [], "excluded_lines": [319, 320]}, "AnalyticsServiceFactoryProtocol.create_analytics_service": {"executed_lines": [], "summary": {"covered_lines": 0, "num_statements": 0, "percent_covered": 100.0, "percent_covered_display": "100", "missing_lines": 0, "excluded_lines": 2}, "missing_lines": [], "excluded_lines": [328, 329]}, "AnalyticsServiceFactoryProtocol.create_portfolio_service": {"executed_lines": [], "summary": {"covered_lines": 0, "num_statements": 0, "percent_covered": 100.0, "percent_covered_display": "100", "missing_lines": 0, "excluded_lines": 2}, "missing_lines": [], "excluded_lines": [332, 333]}, "AnalyticsServiceFactoryProtocol.create_risk_service": {"executed_lines": [], "summary": {"covered_lines": 0, "num_statements": 0, "percent_covered": 100.0, "percent_covered_display": "100", "missing_lines": 0, "excluded_lines": 2}, "missing_lines": [], "excluded_lines": [336, 337]}, "AnalyticsServiceFactoryProtocol.create_reporting_service": {"executed_lines": [], "summary": {"covered_lines": 0, "num_statements": 0, "percent_covered": 100.0, "percent_covered_display": "100", "missing_lines": 0, "excluded_lines": 2}, "missing_lines": [], "excluded_lines": [340, 341]}, "AnalyticsServiceFactoryProtocol.create_operational_service": {"executed_lines": [], "summary": {"covered_lines": 0, "num_statements": 0, "percent_covered": 100.0, "percent_covered_display": "100", "missing_lines": 0, "excluded_lines": 2}, "missing_lines": [], "excluded_lines": [344, 345]}, "AnalyticsServiceFactoryProtocol.create_alert_service": {"executed_lines": [], "summary": {"covered_lines": 0, "num_statements": 0, "percent_covered": 100.0, "percent_covered_display": "100", "missing_lines": 0, "excluded_lines": 2}, "missing_lines": [], "excluded_lines": [348, 349]}, "AnalyticsServiceFactoryProtocol.create_export_service": {"executed_lines": [], "summary": {"covered_lines": 0, "num_statements": 0, "percent_covered": 100.0, "percent_covered_display": "100", "missing_lines": 0, "excluded_lines": 2}, "missing_lines": [], "excluded_lines": [352, 353]}, "AnalyticsServiceFactoryProtocol.create_realtime_analytics_service": {"executed_lines": [], "summary": {"covered_lines": 0, "num_statements": 0, "percent_covered": 100.0, "percent_covered_display": "100", "missing_lines": 0, "excluded_lines": 2}, "missing_lines": [], "excluded_lines": [356, 357]}, "": {"executed_lines": [1, 8, 9, 10, 11, 13, 23, 26, 27, 28, 30, 34, 38, 42, 46, 51, 52, 54, 58, 62, 66, 70, 74, 78, 82, 86, 91, 92, 94, 106, 110, 115, 116, 118, 124, 130, 135, 136, 138, 142, 146, 150, 154, 159, 160, 162, 172, 173, 175, 181, 185, 190, 191, 193, 197, 203, 210, 211, 213, 217, 221, 225, 229, 233, 237, 241, 245, 250, 251, 253, 254, 258, 259, 263, 264, 268, 269, 276, 277, 279, 280, 286, 287, 293, 294, 301, 302, 304, 305, 315, 316, 323, 324, 325, 327, 331, 335, 339, 343, 347, 351, 355], "summary": {"covered_lines": 9, "num_statements": 9, "percent_covered": 100.0, "percent_covered_display": "100", "missing_lines": 0, "excluded_lines": 177}, "missing_lines": [], "excluded_lines": [26, 27, 28, 29, 30, 33, 34, 37, 38, 41, 42, 45, 46, 51, 52, 53, 54, 57, 58, 61, 62, 65, 66, 69, 70, 73, 74, 77, 78, 81, 82, 85, 86, 91, 92, 93, 94, 95, 96, 97, 98, 99, 100, 101, 102, 105, 106, 109, 110, 115, 116, 117, 118, 119, 120, 123, 124, 125, 126, 129, 130, 135, 136, 137, 138, 141, 142, 145, 146, 149, 150, 153, 154, 159, 160, 161, 162, 163, 164, 165, 166, 167, 172, 173, 174, 175, 176, 177, 180, 181, 184, 185, 190, 191, 192, 193, 196, 197, 198, 199, 202, 203, 204, 205, 210, 211, 212, 213, 216, 217, 220, 221, 224, 225, 228, 229, 232, 233, 236, 237, 240, 241, 244, 245, 253, 254, 258, 259, 263, 264, 268, 269, 270, 271, 279, 280, 281, 282, 286, 287, 288, 289, 293, 294, 295, 296, 304, 305, 306, 307, 308, 309, 310, 311, 315, 316, 317, 318, 323, 324, 325, 326, 327, 330, 331, 334, 335, 338, 339, 342, 343, 346, 347, 350, 351, 354, 355]}}, "classes": {"DataTransformationServiceProtocol": {"executed_lines": [], "summary": {"covered_lines": 0, "num_statements": 0, "percent_covered": 100.0, "percent_covered_display": "100", "missing_lines": 0, "excluded_lines": 10}, "missing_lines": [], "excluded_lines": [31, 32, 35, 36, 39, 40, 43, 44, 47, 48]}, "AnalyticsServiceProtocol": {"executed_lines": [], "summary": {"covered_lines": 0, "num_statements": 0, "percent_covered": 100.0, "percent_covered_display": "100", "missing_lines": 0, "excluded_lines": 18}, "missing_lines": [], "excluded_lines": [55, 56, 59, 60, 63, 64, 67, 68, 71, 72, 75, 76, 79, 80, 83, 84, 87, 88]}, "AlertServiceProtocol": {"executed_lines": [], "summary": {"covered_lines": 0, "num_statements": 0, "percent_covered": 100.0, "percent_covered_display": "100", "missing_lines": 0, "excluded_lines": 6}, "missing_lines": [], "excluded_lines": [103, 104, 107, 108, 111, 112]}, "RiskServiceProtocol": {"executed_lines": [], "summary": {"covered_lines": 0, "num_statements": 0, "percent_covered": 100.0, "percent_covered_display": "100", "missing_lines": 0, "excluded_lines": 6}, "missing_lines": [], "excluded_lines": [121, 122, 127, 128, 131, 132]}, "PortfolioServiceProtocol": {"executed_lines": [], "summary": {"covered_lines": 0, "num_statements": 0, "percent_covered": 100.0, "percent_covered_display": "100", "missing_lines": 0, "excluded_lines": 10}, "missing_lines": [], "excluded_lines": [139, 140, 143, 144, 147, 148, 151, 152, 155, 156]}, "ReportingServiceProtocol": {"executed_lines": [], "summary": {"covered_lines": 0, "num_statements": 0, "percent_covered": 100.0, "percent_covered_display": "100", "missing_lines": 0, "excluded_lines": 2}, "missing_lines": [], "excluded_lines": [168, 169]}, "ExportServiceProtocol": {"executed_lines": [], "summary": {"covered_lines": 0, "num_statements": 0, "percent_covered": 100.0, "percent_covered_display": "100", "missing_lines": 0, "excluded_lines": 6}, "missing_lines": [], "excluded_lines": [178, 179, 182, 183, 186, 187]}, "OperationalServiceProtocol": {"executed_lines": [], "summary": {"covered_lines": 0, "num_statements": 0, "percent_covered": 100.0, "percent_covered_display": "100", "missing_lines": 0, "excluded_lines": 6}, "missing_lines": [], "excluded_lines": [194, 195, 200, 201, 206, 207]}, "RealtimeAnalyticsServiceProtocol": {"executed_lines": [], "summary": {"covered_lines": 0, "num_statements": 0, "percent_covered": 100.0, "percent_covered_display": "100", "missing_lines": 0, "excluded_lines": 18}, "missing_lines": [], "excluded_lines": [214, 215, 218, 219, 222, 223, 226, 227, 230, 231, 234, 235, 238, 239, 242, 243, 246, 247]}, "AnalyticsDataRepository": {"executed_lines": [], "summary": {"covered_lines": 0, "num_statements": 0, "percent_covered": 100.0, "percent_covered_display": "100", "missing_lines": 0, "excluded_lines": 8}, "missing_lines": [], "excluded_lines": [255, 256, 260, 261, 265, 266, 272, 273]}, "MetricsCalculationService": {"executed_lines": [], "summary": {"covered_lines": 0, "num_statements": 0, "percent_covered": 100.0, "percent_covered_display": "100", "missing_lines": 0, "excluded_lines": 6}, "missing_lines": [], "excluded_lines": [283, 284, 290, 291, 297, 298]}, "RiskCalculationService": {"executed_lines": [], "summary": {"covered_lines": 0, "num_statements": 0, "percent_covered": 100.0, "percent_covered_display": "100", "missing_lines": 0, "excluded_lines": 4}, "missing_lines": [], "excluded_lines": [312, 313, 319, 320]}, "AnalyticsServiceFactoryProtocol": {"executed_lines": [], "summary": {"covered_lines": 0, "num_statements": 0, "percent_covered": 100.0, "percent_covered_display": "100", "missing_lines": 0, "excluded_lines": 16}, "missing_lines": [], "excluded_lines": [328, 329, 332, 333, 336, 337, 340, 341, 344, 345, 348, 349, 352, 353, 356, 357]}, "": {"executed_lines": [1, 8, 9, 10, 11, 13, 23, 26, 27, 28, 30, 34, 38, 42, 46, 51, 52, 54, 58, 62, 66, 70, 74, 78, 82, 86, 91, 92, 94, 106, 110, 115, 116, 118, 124, 130, 135, 136, 138, 142, 146, 150, 154, 159, 160, 162, 172, 173, 175, 181, 185, 190, 191, 193, 197, 203, 210, 211, 213, 217, 221, 225, 229, 233, 237, 241, 245, 250, 251, 253, 254, 258, 259, 263, 264, 268, 269, 276, 277, 279, 280, 286, 287, 293, 294, 301, 302, 304, 305, 315, 316, 323, 324, 325, 327, 331, 335, 339, 343, 347, 351, 355], "summary": {"covered_lines": 9, "num_statements": 9, "percent_covered": 100.0, "percent_covered_display": "100", "missing_lines": 0, "excluded_lines": 177}, "missing_lines": [], "excluded_lines": [26, 27, 28, 29, 30, 33, 34, 37, 38, 41, 42, 45, 46, 51, 52, 53, 54, 57, 58, 61, 62, 65, 66, 69, 70, 73, 74, 77, 78, 81, 82, 85, 86, 91, 92, 93, 94, 95, 96, 97, 98, 99, 100, 101, 102, 105, 106, 109, 110, 115, 116, 117, 118, 119, 120, 123, 124, 125, 126, 129, 130, 135, 136, 137, 138, 141, 142, 145, 146, 149, 150, 153, 154, 159, 160, 161, 162, 163, 164, 165, 166, 167, 172, 173, 174, 175, 176, 177, 180, 181, 184, 185, 190, 191, 192, 193, 196, 197, 198, 199, 202, 203, 204, 205, 210, 211, 212, 213, 216, 217, 220, 221, 224, 225, 228, 229, 232, 233, 236, 237, 240, 241, 244, 245, 253, 254, 258, 259, 263, 264, 268, 269, 270, 271, 279, 280, 281, 282, 286, 287, 288, 289, 293, 294, 295, 296, 304, 305, 306, 307, 308, 309, 310, 311, 315, 316, 317, 318, 323, 324, 325, 326, 327, 330, 331, 334, 335, 338, 339, 342, 343, 346, 347, 350, 351, 354, 355]}}}, "src/analytics/mixins.py": {"executed_lines": [1, 7, 9, 10, 12, 16, 17, 19, 20, 21, 22, 23, 25, 27, 28, 29, 39, 56, 58, 60, 62, 64, 71, 72, 74, 75, 76, 78, 80, 81, 82, 92, 94, 96, 98, 106], "summary": {"covered_lines": 33, "num_statements": 51, "percent_covered": 64.70588235294117, "percent_covered_display": "65", "missing_lines": 18, "excluded_lines": 0}, "missing_lines": [13, 30, 31, 32, 41, 42, 44, 45, 46, 47, 48, 49, 66, 67, 68, 83, 84, 85], "excluded_lines": [], "functions": {"PositionTrackingMixin.__init__": {"executed_lines": [20, 21, 22, 23], "summary": {"covered_lines": 4, "num_statements": 4, "percent_covered": 100.0, "percent_covered_display": "100", "missing_lines": 0, "excluded_lines": 0}, "missing_lines": [], "excluded_lines": []}, "PositionTrackingMixin.update_position": {"executed_lines": [27, 28, 29], "summary": {"covered_lines": 3, "num_statements": 6, "percent_covered": 50.0, "percent_covered_display": "50", "missing_lines": 3, "excluded_lines": 0}, "missing_lines": [30, 31, 32], "excluded_lines": []}, "PositionTrackingMixin.update_trade": {"executed_lines": [], "summary": {"covered_lines": 0, "num_statements": 8, "percent_covered": 0.0, "percent_covered_display": "0", "missing_lines": 8, "excluded_lines": 0}, "missing_lines": [41, 42, 44, 45, 46, 47, 48, 49], "excluded_lines": []}, "PositionTrackingMixin.get_position": {"executed_lines": [58], "summary": {"covered_lines": 1, "num_statements": 1, "percent_covered": 100.0, "percent_covered_display": "100", "missing_lines": 0, "excluded_lines": 0}, "missing_lines": [], "excluded_lines": []}, "PositionTrackingMixin.get_all_positions": {"executed_lines": [62], "summary": {"covered_lines": 1, "num_statements": 1, "percent_covered": 100.0, "percent_covered_display": "100", "missing_lines": 0, "excluded_lines": 0}, "missing_lines": [], "excluded_lines": []}, "PositionTrackingMixin.get_recent_trades": {"executed_lines": [], "summary": {"covered_lines": 0, "num_statements": 3, "percent_covered": 0.0, "percent_covered_display": "0", "missing_lines": 3, "excluded_lines": 0}, "missing_lines": [66, 67, 68], "excluded_lines": []}, "OrderTrackingMixin.__init__": {"executed_lines": [75, 76], "summary": {"covered_lines": 2, "num_statements": 2, "percent_covered": 100.0, "percent_covered_display": "100", "missing_lines": 0, "excluded_lines": 0}, "missing_lines": [], "excluded_lines": []}, "OrderTrackingMixin.update_order": {"executed_lines": [80, 81, 82], "summary": {"covered_lines": 3, "num_statements": 6, "percent_covered": 50.0, "percent_covered_display": "50", "missing_lines": 3, "excluded_lines": 0}, "missing_lines": [83, 84, 85], "excluded_lines": []}, "OrderTrackingMixin.get_order": {"executed_lines": [94], "summary": {"covered_lines": 1, "num_statements": 1, "percent_covered": 100.0, "percent_covered_display": "100", "missing_lines": 0, "excluded_lines": 0}, "missing_lines": [], "excluded_lines": []}, "OrderTrackingMixin.get_all_orders": {"executed_lines": [98], "summary": {"covered_lines": 1, "num_statements": 1, "percent_covered": 100.0, "percent_covered_display": "100", "missing_lines": 0, "excluded_lines": 0}, "missing_lines": [], "excluded_lines": []}, "": {"executed_lines": [1, 7, 9, 10, 12, 16, 17, 19, 25, 39, 56, 60, 64, 71, 72, 74, 78, 92, 96, 106], "summary": {"covered_lines": 17, "num_statements": 18, "percent_covered": 94.44444444444444, "percent_covered_display": "94", "missing_lines": 1, "excluded_lines": 0}, "missing_lines": [13], "excluded_lines": []}}, "classes": {"PositionTrackingMixin": {"executed_lines": [20, 21, 22, 23, 27, 28, 29, 58, 62], "summary": {"covered_lines": 9, "num_statements": 23, "percent_covered": 39.130434782608695, "percent_covered_display": "39", "missing_lines": 14, "excluded_lines": 0}, "missing_lines": [30, 31, 32, 41, 42, 44, 45, 46, 47, 48, 49, 66, 67, 68], "excluded_lines": []}, "OrderTrackingMixin": {"executed_lines": [75, 76, 80, 81, 82, 94, 98], "summary": {"covered_lines": 7, "num_statements": 10, "percent_covered": 70.0, "percent_covered_display": "70", "missing_lines": 3, "excluded_lines": 0}, "missing_lines": [83, 84, 85], "excluded_lines": []}, "": {"executed_lines": [1, 7, 9, 10, 12, 16, 17, 19, 25, 39, 56, 60, 64, 71, 72, 74, 78, 92, 96, 106], "summary": {"covered_lines": 17, "num_statements": 18, "percent_covered": 94.44444444444444, "percent_covered_display": "94", "missing_lines": 1, "excluded_lines": 0}, "missing_lines": [13], "excluded_lines": []}}}, "src/analytics/repository.py": {"executed_lines": [1, 7, 9, 10, 12, 13, 14, 15, 16, 21, 24, 25, 32, 44, 45, 46, 49, 50, 57, 64, 75, 86, 87, 94, 95, 105, 112, 125, 126, 128, 130, 131, 137, 148, 149, 151, 152, 158, 160, 161, 171, 178, 193, 195, 197, 199, 200, 206, 217, 218, 224, 225, 235, 240, 254, 255, 257, 259, 260, 266, 283, 284, 291, 292, 299, 308, 309, 312, 313, 314, 334, 350, 351, 353, 354, 359, 366, 367, 371, 377, 378, 380, 381, 384, 398, 399, 403, 410, 411, 415, 419, 420, 422, 423, 426, 440, 441], "summary": {"covered_lines": 95, "num_statements": 120, "percent_covered": 79.16666666666667, "percent_covered_display": "79", "missing_lines": 25, "excluded_lines": 0}, "missing_lines": [71, 72, 73, 88, 96, 106, 109, 129, 153, 162, 172, 175, 198, 219, 226, 236, 237, 258, 293, 316, 327, 330, 331, 368, 412], "excluded_lines": [], "functions": {"AnalyticsRepository.__init__": {"executed_lines": [44, 45, 46, 49, 50, 57, 64], "summary": {"covered_lines": 7, 
[...]
": [], "functions": {"AnalyticsDataPoint.validate_value": {"executed_lines": [89, 91], "summary": {"covered_lines": 2, "num_statements": 3, "percent_covered": 66.66666666666667, "percent_covered_display": "67", "missing_lines": 1, "excluded_lines": 0}, "missing_lines": [90], "excluded_lines": []}, "TimeSeries.add_point": {"executed_lines": [107, 114, 116, 117, 118, 119], "summary": {"covered_lines": 6, "num_statements": 6, "percent_covered": 100.0, "percent_covered_display": "100", "missing_lines": 0, "excluded_lines": 0}, "missing_lines": [], "excluded_lines": []}, "TimeSeries.get_latest_value": {"executed_lines": [123, 124, 125], "summary": {"covered_lines": 3, "num_statements": 3, "percent_covered": 100.0, "percent_covered_display": "100", "missing_lines": 0, "excluded_lines": 0}, "missing_lines": [], "excluded_lines": []}, "": {"executed_lines": [1, 8, 9, 10, 11, 13, 15, 18, 19, 21, 22, 23, 24, 25, 26, 27, 28, 29, 30, 31, 34, 35, 37, 38, 39, 40, 41, 42, 43, 44, 47, 48, 50, 51, 52, 53, 54, 55, 56, 57, 58, 59, 60, 63, 64, 66, 67, 68, 69, 70, 71, 72, 73, 76, 77, 79, 80, 81, 82, 83, 85, 86, 87, 94, 95, 97, 98, 99, 100, 101, 102, 103, 105, 121, 128, 129, 131, 132, 133, 134, 135, 136, 137, 138, 139, 140, 141, 142, 143, 144, 145, 146, 147, 148, 149, 150, 151, 152, 153, 154, 157, 158, 160, 161, 162, 163, 164, 165, 166, 167, 168, 169, 170, 171, 172, 173, 174, 175, 176, 177, 178, 179, 180, 181, 182, 183, 184, 185, 186, 189, 190, 192, 193, 194, 195, 196, 197, 198, 199, 200, 201, 202, 203, 204, 205, 206, 207, 208, 209, 210, 211, 212, 213, 214, 215, 216, 217, 218, 219, 220, 221, 222, 223, 224, 225, 226, 227, 230, 231, 233, 234, 235, 236, 237, 238, 239, 240, 241, 242, 243, 244, 245, 246, 247, 248, 249, 250, 251, 252, 253, 254, 255, 256, 257, 258, 259, 260, 263, 264, 266, 267, 268, 269, 270, 271, 272, 273, 274, 275, 276, 277, 278, 279, 280, 281, 282, 283, 284, 285, 286, 287, 288, 289, 290, 291, 292, 295, 296, 298, 299, 300, 301, 302, 303, 304, 305, 306, 307, 308, 309, 310, 311, 312, 313, 314, 317, 318, 320, 321, 322, 323, 324, 325, 326, 327, 328, 329, 330, 331, 332, 333, 334, 337, 338, 340, 341, 342, 343, 344, 345, 346, 347, 348, 349, 350, 351, 352, 353, 354, 355, 356, 357, 358, 359, 360, 363, 364, 366, 367, 368, 369, 370, 371, 372, 373, 374, 375, 376, 377, 378, 379, 380, 381, 382, 383, 384, 385, 386, 387, 388, 389, 390, 391, 392, 393, 394, 395, 396, 397, 398, 399, 402, 403, 405, 406, 407, 408, 409, 410, 411, 412, 413, 414, 415, 416, 417, 418, 421, 422, 424, 425, 426, 434, 435, 443, 444, 445, 446, 447, 448, 451, 452, 453, 454], "summary": {"covered_lines": 336, "num_statements": 336, "percent_covered": 100.0, "percent_covered_display": "100", "missing_lines": 0, "excluded_lines": 0}, "missing_lines": [], "excluded_lines": []}}, "classes": {"AnalyticsFrequency": {"executed_lines": [], "summary": {"covered_lines": 0, "num_statements": 0, "percent_covered": 100.0, "percent_covered_display": "100", "missing_lines": 0, "excluded_lines": 0}, "missing_lines": [], "excluded_lines": []}, "RiskMetricType": {"executed_lines": [], "summary": {"covered_lines": 0, "num_statements": 0, "percent_covered": 100.0, "percent_covered_display": "100", "missing_lines": 0, "excluded_lines": 0}, "missing_lines": [], "excluded_lines": []}, "PerformanceMetricType": {"executed_lines": [], "summary": {"covered_lines": 0, "num_statements": 0, "percent_covered": 100.0, "percent_covered_display": "100", "missing_lines": 0, "excluded_lines": 0}, "missing_lines": [], "excluded_lines": []}, "ReportType": {"executed_lines": [], "summary": {"covered_lines": 0, "num_statements": 0, "percent_covered": 100.0, "percent_covered_display": "100", "missing_lines": 0, "excluded_lines": 0}, "missing_lines": [], "excluded_lines": []}, "AnalyticsDataPoint": {"executed_lines": [89, 91], "summary": {"covered_lines": 2, "num_statements": 3, "percent_covered": 66.66666666666667, "percent_covered_display": "67", "missing_lines": 1, "excluded_lines": 0}, "missing_lines": [90], "excluded_lines": []}, "TimeSeries": {"executed_lines": [107, 114, 116, 117, 118, 119, 123, 124, 125], "summary": {"covered_lines": 9, "num_statements": 9, "percent_covered": 100.0, "percent_covered_display": "100", "missing_lines": 0, "excluded_lines": 0}, "missing_lines": [], "excluded_lines": []}, "PortfolioMetrics": {"executed_lines": [], "summary": {"covered_lines": 0, "num_statements": 0, "percent_covered": 100.0, "percent_covered_display": "100", "missing_lines": 0, "excluded_lines": 0}, "missing_lines": [], "excluded_lines": []}, "PositionMetrics": {"executed_lines": [], "summary": {"covered_lines": 0, "num_statements": 0, "percent_covered": 100.0, "percent_covered_display": "100", "missing_lines": 0, "excluded_lines": 0}, "missing_lines": [], "excluded_lines": []}, "StrategyMetrics": {"executed_lines": [], "summary": {"covered_lines": 0, "num_statements": 0, "percent_covered": 100.0, "percent_covered_display": "100", "missing_lines": 0, "excluded_lines": 0}, "missing_lines": [], "excluded_lines": []}, "RiskMetrics": {"executed_lines": [], "summary": {"covered_lines": 0, "num_statements": 0, "percent_covered": 100.0, "percent_covered_display": "100", "missing_lines": 0, "excluded_lines": 0}, "missing_lines": [], "excluded_lines": []}, "TradeAnalytics": {"executed_lines": [], "summary": {"covered_lines": 0, "num_statements": 0, "percent_covered": 100.0, "percent_covered_display": "100", "missing_lines": 0, "excluded_lines": 0}, "missing_lines": [], "excluded_lines": []}, "PerformanceAttribution": {"executed_lines": [], "summary": {"covered_lines": 0, "num_statements": 0, "percent_covered": 100.0, "percent_covered_display": "100", "missing_lines": 0, "excluded_lines": 0}, "missing_lines": [], "excluded_lines": []}, "AnalyticsAlert": {"executed_lines": [], "summary": {"covered_lines": 0, "num_statements": 0, "percent_covered": 100.0, "percent_covered_display": "100", "missing_lines": 0, "excluded_lines": 0}, "missing_lines": [], "excluded_lines": []}, "AnalyticsReport": {"executed_lines": [], "summary": {"covered_lines": 0, "num_statements": 0, "percent_covered": 100.0, "percent_covered_display": "100", "missing_lines": 0, "excluded_lines": 0}, "missing_lines": [], "excluded_lines": []}, "OperationalMetrics": {"executed_lines": [], "summary": {"covered_lines": 0, "num_statements": 0, "percent_covered": 100.0, "percent_covered_display": "100", "missing_lines": 0, "excluded_lines": 0}, "missing_lines": [], "excluded_lines": []}, "BenchmarkData": {"executed_lines": [], "summary": {"covered_lines": 0, "num_statements": 0, "percent_covered": 100.0, "percent_covered_display": "100", "missing_lines": 0, "excluded_lines": 0}, "missing_lines": [], "excluded_lines": []}, "AnalyticsConfiguration": {"executed_lines": [], "summary": {"covered_lines": 0, "num_statements": 0, "percent_covered": 100.0, "percent_covered_display": "100", "missing_lines": 0, "excluded_lines": 0}, "missing_lines": [], "excluded_lines": []}, "": {"executed_lines": [1, 8, 9, 10, 11, 13, 15, 18, 19, 21, 22, 23, 24, 25, 26, 27, 28, 29, 30, 31, 34, 35, 37, 38, 39, 40, 41, 42, 43, 44, 47, 48, 50, 51, 52, 53, 54, 55, 56, 57, 58, 59, 60, 63, 64, 66, 67, 68, 69, 70, 71, 72, 73, 76, 77, 79, 80, 81, 82, 83, 85, 86, 87, 94, 95, 97, 98, 99, 100, 101, 102, 103, 105, 121, 128, 129, 131, 132, 133, 134, 135, 136, 137, 138, 139, 140, 141, 142, 143, 144, 145, 146, 147, 148, 149, 150, 151, 152, 153, 154, 157, 158, 160, 161, 162, 163, 164, 165, 166, 167, 168, 169, 170, 171, 172, 173, 174, 175, 176, 177, 178, 179, 180, 181, 182, 183, 184, 185, 186, 189, 190, 192, 193, 194, 195, 196, 197, 198, 199, 200, 201, 202, 203, 204, 205, 206, 207, 208, 209, 210, 211, 212, 213, 214, 215, 216, 217, 218, 219, 220, 221, 222, 223, 224, 225, 226, 227, 230, 231, 233, 234, 235, 236, 237, 238, 239, 240, 241, 242, 243, 244, 245, 246, 247, 248, 249, 250, 251, 252, 253, 254, 255, 256, 257, 258, 259, 260, 263, 264, 266, 267, 268, 269, 270, 271, 272, 273, 274, 275, 276, 277, 278, 279, 280, 281, 282, 283, 284, 285, 286, 287, 288, 289, 290, 291, 292, 295, 296, 298, 299, 300, 301, 302, 303, 304, 305, 306, 307, 308, 309, 310, 311, 312, 313, 314, 317, 318, 320, 321, 322, 323, 324, 325, 326, 327, 328, 329, 330, 331, 332, 333, 334, 337, 338, 340, 341, 342, 343, 344, 345, 346, 347, 348, 349, 350, 351, 352, 353, 354, 355, 356, 357, 358, 359, 360, 363, 364, 366, 367, 368, 369, 370, 371, 372, 373, 374, 375, 376, 377, 378, 379, 380, 381, 382, 383, 384, 385, 386, 387, 388, 389, 390, 391, 392, 393, 394, 395, 396, 397, 398, 399, 402, 403, 405, 406, 407, 408, 409, 410, 411, 412, 413, 414, 415, 416, 417, 418, 421, 422, 424, 425, 426, 434, 435, 443, 444, 445, 446, 447, 448, 451, 452, 453, 454], "summary": {"covered_lines": 336, "num_statements": 336, "percent_covered": 100.0, "percent_covered_display": "100", "missing_lines": 0, "excluded_lines": 0}, "missing_lines": [], "excluded_lines": []}}}, "src/analytics/utils/__init__.py": {"executed_lines": [1, 3, 4, 6], "summary": {"covered_lines": 3, "num_statements": 3, "percent_covered": 100.0, "percent_covered_display": "100", "missing_lines": 0, "excluded_lines": 0}, "missing_lines": [], "excluded_lines": [], "functions": {"": {"executed_lines": [1, 3, 4, 6], "summary": {"covered_lines": 3, "num_statements": 3, "percent_covered": 100.0, "percent_covered_display": "100", "missing_lines": 0, "excluded_lines": 0}, "missing_lines": [], "excluded_lines": []}}, "classes": {"": {"executed_lines": [1, 3, 4, 6], "summary": {"covered_lines": 3, "num_statements": 3, "percent_covered": 100.0, "percent_covered_display": "100", "missing_lines": 0, "excluded_lines": 0}, "missing_lines": [], "excluded_lines": []}}}, "src/analytics/utils/data_conversion.py": {"executed_lines": [1, 3, 4, 5, 6, 8, 11, 12, 14, 15, 18, 19, 21, 33, 35, 46, 48, 50, 51, 56, 57, 58, 59, 60, 61, 62, 63, 65, 68, 79, 95, 97, 99, 101, 102, 103, 104, 106, 108, 110, 112, 114, 127, 128, 130, 131, 134, 135, 136, 137, 139, 141, 153, 154, 155, 156, 157, 159, 160, 161, 162, 163, 165, 166, 168, 172, 173, 174, 175, 176, 178, 185], "summary": {"covered_lines": 70, "num_statements": 85, "percent_covered": 82.3529411764706, "percent_covered_display": "82", "missing_lines": 15, "excluded_lines": 0}, "missing_lines": [47, 49, 53, 80, 89, 90, 91, 92, 105, 107, 179, 180, 181, 182, 184], "excluded_lines": [], "functions": {"DataConverter.__init__": {"executed_lines": [15, 18, 19], "summary": {"covered_lines": 3, "num_statements": 3, "percent_covered": 100.0, "percent_covered_display": "100", "missing_lines": 0, "excluded_lines": 0}, "missing_lines": [], "excluded_lines": []}, "DataConverter.convert_decimals_to_float": {"executed_lines": [33], "summary": {"covered_lines": 1, "num_statements": 1, "percent_covered": 100.0, "percent_covered_display": "100", "missing_lines": 0, "excluded_lines": 0}, "missing_lines": [], "excluded_lines": []}, "DataConverter.prepare_for_json_export": {"executed_lines": [46, 48, 50, 51, 56, 57, 58, 59, 60, 61, 62, 63, 65, 68, 79, 95], "summary": {"covered_lines": 16, "num_statements": 24, "percent_covered": 66.66666666666667, "percent_covered_display": "67", "missing_lines": 8, "excluded_lines": 0}, "missing_lines": [47, 49, 53, 80, 89, 90, 91, 92], "excluded_lines": []}, "DataConverter.json_serializer": {"executed_lines": [99, 101, 102, 103, 104, 106, 108], "summary": {"covered_lines": 7, "num_statements": 9, "percent_covered": 77.77777777777777, "percent_covered_display": "78", "missing_lines": 2, "excluded_lines": 0}, "missing_lines": [105, 107], "excluded_lines": []}, "DataConverter.safe_json_dumps": {"executed_lines": [112], "summary": {"covered_lines": 1, "num_statements": 1, "percent_covered": 100.0, "percent_covered_display": "100", "missing_lines": 0, "excluded_lines": 0}, "missing_lines": [], "excluded_lines": []}, "DataConverter.convert_decimals_for_json": {"executed_lines": [127, 128, 130, 131, 134, 135, 136, 137, 139], "summary": {"covered_lines": 9, "num_statements": 9, "percent_covered": 100.0, "percent_covered_display": "100", "missing_lines": 0, "excluded_lines": 0}, "missing_lines": [], "excluded_lines": []}, "DataConverter._convert_decimals": {"executed_lines": [153, 154, 155, 156, 157, 159, 160, 161, 162, 163, 165, 166], "summary": {"covered_lines": 12, "num_statements": 12, "percent_covered": 100.0, "percent_covered_display": "100", "missing_lines": 0, "excluded_lines": 0}, "missing_lines": [], "excluded_lines": []}, "DataConverter._convert_list_decimals_unified": {"executed_lines": [172, 173, 174, 175, 176, 178, 185], "summary": {"covered_lines": 7, "num_statements": 12, "percent_covered": 58.333333333333336, "percent_covered_display": "58", "missing_lines": 5, "excluded_lines": 0}, "missing_lines": [179, 180, 181, 182, 184], "excluded_lines": []}, "": {"executed_lines": [1, 3, 4, 5, 6, 8, 11, 12, 14, 21, 35, 97, 110, 114, 141, 168], "summary": {"covered_lines": 14, "num_statements": 14, "percent_covered": 100.0, "percent_covered_display": "100", "missing_lines": 0, "excluded_lines": 0}, "missing_lines": [], "excluded_lines": []}}, "classes": {"DataConverter": {"executed_lines": [15, 18, 19, 33, 46, 48, 50, 51, 56, 57, 58, 59, 60, 61, 62, 63, 65, 68, 79, 95, 99, 101, 102, 103, 104, 106, 108, 112, 127, 128, 130, 131, 134, 135, 136, 137, 139, 153, 154, 155, 156, 157, 159, 160, 161, 162, 163, 165, 166, 172, 173, 174, 175, 176, 178, 185], "summary": {"covered_lines": 56, "num_statements": 71, "percent_covered": 78.87323943661971, "percent_covered_display": "79", "missing_lines": 15, "excluded_lines": 0}, "missing_lines": [47, 49, 53, 80, 89, 90, 91, 92, 105, 107, 179, 180, 181, 182, 184], "excluded_lines": []}, "": {"executed_lines": [1, 3, 4, 5, 6, 8, 11, 12, 14, 21, 35, 97, 110, 114, 141, 168], "summary": {"covered_lines": 14, "num_statements": 14, "percent_covered": 100.0, "percent_covered_display": "100", "missing_lines": 0, "excluded_lines": 0}, "missing_lines": [], "excluded_lines": []}}}, "src/analytics/utils/validation.py": {"executed_lines": [1, 3, 4, 5, 6, 7, 9, 10, 13, 14, 16, 17, 19, 32, 33, 35, 36, 42, 43, 45, 63, 66, 67, 68, 76, 77, 78, 79, 87, 105, 106, 115, 116, 125, 135, 139, 140, 149, 159, 160, 165, 190, 222, 252, 267, 294, 374], "summary": {"covered_lines": 45, "num_statements": 107, "percent_covered": 42.05607476635514, "percent_covered_display": "42", "missing_lines": 62, "excluded_lines": 0}, "missing_lines": [64, 183, 184, 185, 207, 208, 209, 212, 213, 214, 215, 217, 240, 241, 242, 243, 248, 249, 250, 264, 265, 279, 280, 282, 283, 288, 289, 291, 292, 304, 305, 313, 314, 315, 316, 324, 325, 326, 334, 335, 336, 344, 345, 353, 354, 355, 356, 357, 358, 359, 360, 366, 367, 386, 387, 389, 391, 400, 402, 404, 406, 407], "excluded_lines": [], "functions": {"ValidationHelper.__init__": {"executed_lines": [17], "summary": {"covered_lines": 1, "num_statements": 1, "percent_covered": 100.0, "percent_covered_display": "100", "missing_lines": 0, "excluded_lines": 0}, "missing_lines": [], "excluded_lines": []}, "ValidationHelper.validate_export_format": {"executed_lines": [32, 33, 35, 36, 42, 43], "summary": {"covered_lines": 6, "num_statements": 6, "percent_covered": 100.0, "percent_covered_display": "100", "missing_lines": 0, "excluded_lines": 0}, "missing_lines": [], "excluded_lines": []}, "ValidationHelper.validate_date_range": {"executed_lines": [63, 66, 67, 68, 76, 77, 78, 79], "summary": {"covered_lines": 8, "num_statements": 9, "percent_covered": 88.88888888888889, "percent_covered_display": "89", "missing_lines": 1, "excluded_lines": 0}, "missing_lines": [64], "excluded_lines": []}, "ValidationHelper.validate_numeric_range": {"executed_lines": [105, 106, 115, 116], "summary": {"covered_lines": 4, "num_statements": 4, "percent_covered": 100.0, "percent_covered_display": "100", "missing_lines": 0, "excluded_lines": 0}, "missing_lines": [], "excluded_lines": []}, "ValidationHelper.validate_required_fields": {"executed_lines": [135, 139, 140], "summary": {"covered_lines": 3, "num_statements": 3, "percent_covered": 100.0, "percent_covered_display": "100", "missing_lines": 0, "excluded_lines": 0}, "missing_lines": [], "excluded_lines": []}, "ValidationHelper.validate_list_not_empty": {"executed_lines": [159, 160], "summary": {"covered_lines": 2, "num_statements": 2, "percent_covered": 100.0, "percent_covered_display": "100", "missing_lines": 0, "excluded_lines": 0}, "missing_lines": [], "excluded_lines": []}, "ValidationHelper.validate_string_pattern": {"executed_lines": [], "summary": {"covered_lines": 0, "num_statements": 3, "percent_covered": 0.0, "percent_covered_display": "0", "missing_lines": 3, "excluded_lines": 0}, "missing_lines": [183, 184, 185], "excluded_lines": []}, "ValidationHelper.validate_choice": {"executed_lines": [], "summary": {"covered_lines": 0, "num_statements": 8, "percent_covered": 0.0, "percent_covered_display": "0", "missing_lines": 8, "excluded_lines": 0}, "missing_lines": [207, 208, 209, 212, 213, 214, 215, 217], "excluded_lines": []}, "ValidationHelper.validate_data_structure": {"executed_lines": [], "summary": {"covered_lines": 0, "num_statements": 7, "percent_covered": 0.0, "percent_covered_display": "0", "missing_lines": 7, "excluded_lines": 0}, "missing_lines": [240, 241, 242, 243, 248, 249, 250], "excluded_lines": []}, "ValidationHelper.validate_alert_severity": {"executed_lines": [], "summary": {"covered_lines": 0, "num_statements": 2, "percent_covered": 0.0, "percent_covered_display": "0", "missing_lines": 2, "excluded_lines": 0}, "missing_lines": [264, 265], "excluded_lines": []}, "ValidationHelper.validate_time_window": {"executed_lines": [], "summary": {"covered_lines": 0, "num_statements": 8, "percent_covered": 0.0, "percent_covered_display": "0", "missing_lines": 8, "excluded_lines": 0}, "missing_lines": [279, 280, 282, 283, 288, 289, 291, 292], "excluded_lines": []}, "ValidationHelper.validate_analytics_boundary": {"executed_lines": [], "summary": {"covered_lines": 0, "num_statements": 24, "percent_covered": 0.0, "percent_covered_display": "0", "missing_lines": 24, "excluded_lines": 0}, "missing_lines": [304, 305, 313, 314, 315, 316, 324, 325, 326, 334, 335, 336, 344, 345, 353, 354, 355, 356, 357, 358, 359, 360, 366, 367], "excluded_lines": []}, "ValidationHelper.validate_cross_module_data": {"executed_lines": [], "summary": {"covered_lines": 0, "num_statements": 9, "percent_covered": 0.0, "percent_covered_display": "0", "missing_lines": 9, "excluded_lines": 0}, "missing_lines": [386, 387, 389, 391, 400, 402, 404, 406, 407], "excluded_lines": []}, "": {"executed_lines": [1, 3, 4, 5, 6, 7, 9, 10, 13, 14, 16, 19, 45, 87, 125, 149, 165, 190, 222, 252, 267, 294, 374], "summary": {"covered_lines": 21, "num_statements": 21, "percent_covered": 100.0, "percent_covered_display": "100", "missing_lines": 0, "excluded_lines": 0}, "missing_lines": [], "excluded_lines": []}}, "classes": {"ValidationHelper": {"executed_lines": [17, 32, 33, 35, 36, 42, 43, 63, 66, 67, 68, 76, 77, 78, 79, 105, 106, 115, 116, 135, 139, 140, 159, 160], "summary": {"covered_lines": 24, "num_statements": 86, "percent_covered": 27.906976744186046, "percent_covered_display": "28", "missing_lines": 62, "excluded_lines": 0}, "missing_lines": [64, 183, 184, 185, 207, 208, 209, 212, 213, 214, 215, 217, 240, 241, 242, 243, 248, 249, 250, 264, 265, 279, 280, 282, 283, 288, 289, 291, 292, 304, 305, 313, 314, 315, 316, 324, 325, 326, 334, 335, 336, 344, 345, 353, 354, 355, 356, 357, 358, 359, 360, 366, 367, 386, 387, 389, 391, 400, 402, 404, 406, 407], "excluded_lines": []}, "": {"executed_lines": [1, 3, 4, 5, 6, 7, 9, 10, 13, 14, 16, 19, 45, 87, 125, 149, 165, 190, 222, 252, 267, 294, 374], "summary": {"covered_lines": 21, "num_statements": 21, "percent_covered": 100.0, "percent_covered_display": "100", "missing_lines": 0, "excluded_lines": 0}, "missing_lines": [], "excluded_lines": []}}}}, "totals": {"covered_lines": 1394, "num_statements": 2263, "percent_covered": 61.599646486964204, "percent_covered_display": "62", "missing_lines": 869, "excluded_lines": 309}}